This file contains any messages produced by compilers while
running configure, to aid debugging if configure makes a mistake.

It was created by meme configure 5.0.1, which was
generated by GNU Autoconf 2.69.  Invocation command line was

  $ ./configure 

## --------- ##
## Platform. ##
## --------- ##

hostname = bingo
uname -m = x86_64
uname -r = 4.15.0-29-generic
uname -s = Linux
uname -v = #31-Ubuntu SMP Tue Jul 17 15:39:52 UTC 2018

/usr/bin/uname -p = unknown
/bin/uname -X     = unknown

/bin/arch              = unknown
/usr/bin/arch -k       = unknown
/usr/convex/getsysinfo = unknown
/usr/bin/hostinfo      = unknown
/bin/machine           = unknown
/usr/bin/oslevel       = unknown
/bin/universe          = unknown

PATH: /usr/local/sbin
PATH: /usr/local/bin
PATH: /usr/sbin
PATH: /usr/bin
PATH: /sbin
PATH: /bin
PATH: /usr/games
PATH: /usr/local/games
PATH: /snap/bin


## ----------- ##
## Core tests. ##
## ----------- ##

configure:2619: checking build system type
configure:2633: result: x86_64-pc-linux-gnu
configure:2653: checking host system type
configure:2666: result: x86_64-pc-linux-gnu
configure:2702: checking for a BSD-compatible install
configure:2770: result: /usr/bin/install -c
configure:2781: checking whether build environment is sane
configure:2836: result: yes
configure:2987: checking for a thread-safe mkdir -p
configure:3026: result: /bin/mkdir -p
configure:3033: checking for gawk
configure:3063: result: no
configure:3033: checking for mawk
configure:3049: found /usr/bin/mawk
configure:3060: result: mawk
configure:3071: checking whether make sets $(MAKE)
configure:3093: result: yes
configure:3122: checking whether make supports nested variables
configure:3139: result: yes
configure:3276: checking whether make supports nested variables
configure:3293: result: yes
configure:3351: checking how to print strings
configure:3378: result: printf
configure:3411: checking for style of include used by make
configure:3439: result: GNU
configure:3510: checking for gcc
configure:3526: found /usr/bin/gcc
configure:3537: result: gcc
configure:3766: checking for C compiler version
configure:3775: gcc --version >&5
gcc (Ubuntu 7.3.0-16ubuntu3) 7.3.0
Copyright (C) 2017 Free Software Foundation, Inc.
This is free software; see the source for copying conditions.  There is NO
warranty; not even for MERCHANTABILITY or FITNESS FOR A PARTICULAR PURPOSE.

configure:3786: $? = 0
configure:3775: gcc -v >&5
Using built-in specs.
COLLECT_GCC=gcc
COLLECT_LTO_WRAPPER=/usr/lib/gcc/x86_64-linux-gnu/7/lto-wrapper
OFFLOAD_TARGET_NAMES=nvptx-none
OFFLOAD_TARGET_DEFAULT=1
Target: x86_64-linux-gnu
Configured with: ../src/configure -v --with-pkgversion='Ubuntu 7.3.0-16ubuntu3' --with-bugurl=file:///usr/share/doc/gcc-7/README.Bugs --enable-languages=c,ada,c++,go,brig,d,fortran,objc,obj-c++ --prefix=/usr --with-gcc-major-version-only --with-as=/usr/bin/x86_64-linux-gnu-as --with-ld=/usr/bin/x86_64-linux-gnu-ld --program-suffix=-7 --program-prefix=x86_64-linux-gnu- --enable-shared --enable-linker-build-id --libexecdir=/usr/lib --without-included-gettext --enable-threads=posix --libdir=/usr/lib --enable-nls --with-sysroot=/ --enable-clocale=gnu --enable-libstdcxx-debug --enable-libstdcxx-time=yes --with-default-libstdcxx-abi=new --enable-gnu-unique-object --disable-vtable-verify --enable-libmpx --enable-plugin --enable-default-pie --with-system-zlib --with-target-system-zlib --enable-objc-gc=auto --enable-multiarch --disable-werror --with-arch-32=i686 --with-abi=m64 --with-multilib-list=m32,m64,mx32 --enable-multilib --with-tune=generic --enable-offload-targets=nvptx-none --without-cuda-driver --enable-checking=release --build=x86_64-linux-gnu --host=x86_64-linux-gnu --target=x86_64-linux-gnu
Thread model: posix
gcc version 7.3.0 (Ubuntu 7.3.0-16ubuntu3) 
configure:3786: $? = 0
configure:3775: gcc -V >&5
gcc: error: unrecognized command line option '-V'
gcc: fatal error: no input files
compilation terminated.
configure:3786: $? = 1
configure:3775: gcc -qversion >&5
gcc: error: unrecognized command line option '-qversion'; did you mean '--version'?
gcc: fatal error: no input files
compilation terminated.
configure:3786: $? = 1
configure:3806: checking whether the C compiler works
configure:3828: gcc    conftest.c  >&5
configure:3832: $? = 0
configure:3880: result: yes
configure:3883: checking for C compiler default output file name
configure:3885: result: a.out
configure:3891: checking for suffix of executables
configure:3898: gcc -o conftest    conftest.c  >&5
configure:3902: $? = 0
configure:3924: result: 
configure:3946: checking whether we are cross compiling
configure:3954: gcc -o conftest    conftest.c  >&5
configure:3958: $? = 0
configure:3965: ./conftest
configure:3969: $? = 0
configure:3984: result: no
configure:3989: checking for suffix of object files
configure:4011: gcc -c   conftest.c >&5
configure:4015: $? = 0
configure:4036: result: o
configure:4040: checking whether we are using the GNU C compiler
configure:4059: gcc -c   conftest.c >&5
configure:4059: $? = 0
configure:4068: result: yes
configure:4077: checking whether gcc accepts -g
configure:4097: gcc -c -g  conftest.c >&5
configure:4097: $? = 0
configure:4138: result: yes
configure:4155: checking for gcc option to accept ISO C89
configure:4218: gcc  -c -g -O2  conftest.c >&5
configure:4218: $? = 0
configure:4231: result: none needed
configure:4256: checking whether gcc understands -c and -o together
configure:4278: gcc -c conftest.c -o conftest2.o
configure:4281: $? = 0
configure:4278: gcc -c conftest.c -o conftest2.o
configure:4281: $? = 0
configure:4293: result: yes
configure:4312: checking dependency style of gcc
configure:4423: result: gcc3
configure:4438: checking for a sed that does not truncate output
configure:4502: result: /bin/sed
configure:4520: checking for grep that handles long lines and -e
configure:4578: result: /bin/grep
configure:4583: checking for egrep
configure:4645: result: /bin/grep -E
configure:4650: checking for fgrep
configure:4712: result: /bin/grep -F
configure:4747: checking for ld used by gcc
configure:4814: result: /usr/bin/x86_64-linux-gnu-ld
configure:4821: checking if the linker (/usr/bin/x86_64-linux-gnu-ld) is GNU ld
configure:4836: result: yes
configure:4848: checking for BSD- or MS-compatible name lister (nm)
configure:4902: result: /usr/bin/nm -B
configure:5032: checking the name lister (/usr/bin/nm -B) interface
configure:5039: gcc -c -g -O2  conftest.c >&5
configure:5042: /usr/bin/nm -B "conftest.o"
configure:5045: output
0000000000000000 B some_variable
configure:5052: result: BSD nm
configure:5055: checking whether ln -s works
configure:5059: result: yes
configure:5067: checking the maximum length of command line arguments
configure:5198: result: 1572864
configure:5246: checking how to convert x86_64-pc-linux-gnu file names to x86_64-pc-linux-gnu format
configure:5286: result: func_convert_file_noop
configure:5293: checking how to convert x86_64-pc-linux-gnu file names to toolchain format
configure:5313: result: func_convert_file_noop
configure:5320: checking for /usr/bin/x86_64-linux-gnu-ld option to reload object files
configure:5327: result: -r
configure:5401: checking for objdump
configure:5417: found /usr/bin/objdump
configure:5428: result: objdump
configure:5460: checking how to recognize dependent libraries
configure:5660: result: pass_all
configure:5745: checking for dlltool
configure:5775: result: no
configure:5805: checking how to associate runtime and link libraries
configure:5832: result: printf %s\n
configure:5893: checking for ar
configure:5909: found /usr/bin/ar
configure:5920: result: ar
configure:5957: checking for archiver @FILE support
configure:5974: gcc -c -g -O2  conftest.c >&5
configure:5974: $? = 0
configure:5977: ar cru libconftest.a @conftest.lst >&5
ar: `u' modifier ignored since `D' is the default (see `U')
configure:5980: $? = 0
configure:5985: ar cru libconftest.a @conftest.lst >&5
ar: `u' modifier ignored since `D' is the default (see `U')
ar: conftest.o: No such file or directory
configure:5988: $? = 1
configure:6000: result: @
configure:6058: checking for strip
configure:6074: found /usr/bin/strip
configure:6085: result: strip
configure:6157: checking for ranlib
configure:6173: found /usr/bin/ranlib
configure:6184: result: ranlib
configure:6286: checking command to parse /usr/bin/nm -B output from gcc object
configure:6439: gcc -c -g -O2  conftest.c >&5
configure:6442: $? = 0
configure:6446: /usr/bin/nm -B conftest.o \| sed -n -e 's/^.*[ ]\([ABCDGIRSTW][ABCDGIRSTW]*\)[ ][ ]*\([_A-Za-z][_A-Za-z0-9]*\)$/\1 \2 \2/p' | sed '/ __gnu_lto/d' \> conftest.nm
configure:6449: $? = 0
configure:6515: gcc -o conftest -g -O2   conftest.c conftstm.o >&5
configure:6518: $? = 0
configure:6556: result: ok
configure:6603: checking for sysroot
configure:6633: result: no
configure:6640: checking for a working dd
configure:6678: result: /bin/dd
configure:6682: checking how to truncate binary pipes
configure:6697: result: /bin/dd bs=4096 count=1
configure:6833: gcc -c -g -O2  conftest.c >&5
configure:6836: $? = 0
configure:7026: checking for mt
configure:7042: found /bin/mt
configure:7053: result: mt
configure:7076: checking if mt is a manifest tool
configure:7082: mt '-?'
configure:7090: result: no
configure:7767: checking how to run the C preprocessor
configure:7798: gcc -E  conftest.c
configure:7798: $? = 0
configure:7812: gcc -E  conftest.c
conftest.c:11:10: fatal error: ac_nonexistent.h: No such file or directory
 #include <ac_nonexistent.h>
          ^~~~~~~~~~~~~~~~~~
compilation terminated.
configure:7812: $? = 1
configure: failed program was:
| /* confdefs.h */
| #define PACKAGE_NAME "meme"
| #define PACKAGE_TARNAME "meme"
| #define PACKAGE_VERSION "5.0.1"
| #define PACKAGE_STRING "meme 5.0.1"
| #define PACKAGE_BUGREPORT "win@kenokeno.bingo"
| #define PACKAGE_URL ""
| #define PACKAGE "meme"
| #define VERSION "5.0.1"
| /* end confdefs.h.  */
| #include <ac_nonexistent.h>
configure:7837: result: gcc -E
configure:7857: gcc -E  conftest.c
configure:7857: $? = 0
configure:7871: gcc -E  conftest.c
conftest.c:11:10: fatal error: ac_nonexistent.h: No such file or directory
 #include <ac_nonexistent.h>
          ^~~~~~~~~~~~~~~~~~
compilation terminated.
configure:7871: $? = 1
configure: failed program was:
| /* confdefs.h */
| #define PACKAGE_NAME "meme"
| #define PACKAGE_TARNAME "meme"
| #define PACKAGE_VERSION "5.0.1"
| #define PACKAGE_STRING "meme 5.0.1"
| #define PACKAGE_BUGREPORT "win@kenokeno.bingo"
| #define PACKAGE_URL ""
| #define PACKAGE "meme"
| #define VERSION "5.0.1"
| /* end confdefs.h.  */
| #include <ac_nonexistent.h>
configure:7900: checking for ANSI C header files
configure:7920: gcc -c -g -O2  conftest.c >&5
configure:7920: $? = 0
configure:7993: gcc -o conftest -g -O2   conftest.c  >&5
configure:7993: $? = 0
configure:7993: ./conftest
configure:7993: $? = 0
configure:8004: result: yes
configure:8017: checking for sys/types.h
configure:8017: gcc -c -g -O2  conftest.c >&5
configure:8017: $? = 0
configure:8017: result: yes
configure:8017: checking for sys/stat.h
configure:8017: gcc -c -g -O2  conftest.c >&5
configure:8017: $? = 0
configure:8017: result: yes
configure:8017: checking for stdlib.h
configure:8017: gcc -c -g -O2  conftest.c >&5
configure:8017: $? = 0
configure:8017: result: yes
configure:8017: checking for string.h
configure:8017: gcc -c -g -O2  conftest.c >&5
configure:8017: $? = 0
configure:8017: result: yes
configure:8017: checking for memory.h
configure:8017: gcc -c -g -O2  conftest.c >&5
configure:8017: $? = 0
configure:8017: result: yes
configure:8017: checking for strings.h
configure:8017: gcc -c -g -O2  conftest.c >&5
configure:8017: $? = 0
configure:8017: result: yes
configure:8017: checking for inttypes.h
configure:8017: gcc -c -g -O2  conftest.c >&5
configure:8017: $? = 0
configure:8017: result: yes
configure:8017: checking for stdint.h
configure:8017: gcc -c -g -O2  conftest.c >&5
configure:8017: $? = 0
configure:8017: result: yes
configure:8017: checking for unistd.h
configure:8017: gcc -c -g -O2  conftest.c >&5
configure:8017: $? = 0
configure:8017: result: yes
configure:8031: checking for dlfcn.h
configure:8031: gcc -c -g -O2  conftest.c >&5
configure:8031: $? = 0
configure:8031: result: yes
configure:8287: checking for objdir
configure:8302: result: .libs
configure:8566: checking if gcc supports -fno-rtti -fno-exceptions
configure:8584: gcc -c -g -O2  -fno-rtti -fno-exceptions conftest.c >&5
cc1: warning: command line option '-fno-rtti' is valid for C++/ObjC++ but not for C
configure:8588: $? = 0
configure:8601: result: no
configure:8959: checking for gcc option to produce PIC
configure:8966: result: -fPIC -DPIC
configure:8974: checking if gcc PIC flag -fPIC -DPIC works
configure:8992: gcc -c -g -O2  -fPIC -DPIC -DPIC conftest.c >&5
configure:8996: $? = 0
configure:9009: result: yes
configure:9038: checking if gcc static flag -static works
configure:9066: result: yes
configure:9081: checking if gcc supports -c -o file.o
configure:9102: gcc -c -g -O2  -o out/conftest2.o conftest.c >&5
configure:9106: $? = 0
configure:9128: result: yes
configure:9136: checking if gcc supports -c -o file.o
configure:9183: result: yes
configure:9216: checking whether the gcc linker (/usr/bin/x86_64-linux-gnu-ld -m elf_x86_64) supports shared libraries
configure:10479: result: yes
configure:10516: checking whether -lc should be explicitly linked in
configure:10524: gcc -c -g -O2  conftest.c >&5
configure:10527: $? = 0
configure:10542: gcc -shared  -fPIC -DPIC conftest.o  -v -Wl,-soname -Wl,conftest -o conftest 2\>\&1 \| /bin/grep  -lc  \>/dev/null 2\>\&1
configure:10545: $? = 0
configure:10559: result: no
configure:10719: checking dynamic linker characteristics
configure:11300: gcc -o conftest -g -O2   -Wl,-rpath -Wl,/foo conftest.c  >&5
configure:11300: $? = 0
configure:11549: result: GNU/Linux ld.so
configure:11671: checking how to hardcode library paths into programs
configure:11696: result: immediate
configure:12244: checking whether stripping libraries is possible
configure:12249: result: yes
configure:12284: checking if libtool supports shared libraries
configure:12286: result: yes
configure:12289: checking whether to build shared libraries
configure:12314: result: yes
configure:12317: checking whether to build static libraries
configure:12321: result: yes
configure:12540: checking for special C compiler options needed for large files
configure:12585: result: no
configure:12591: checking for _FILE_OFFSET_BITS value needed for large files
configure:12616: gcc -c -g -O2  conftest.c >&5
configure:12616: $? = 0
configure:12648: result: no
configure:12748: checking for gawk
configure:12775: result: mawk
configure:12786: checking for gcc option to accept ISO C99
configure:12935: gcc  -c -g -O2  conftest.c >&5
configure:12935: $? = 0
configure:12948: result: none needed
configure:12968: checking for python2.7
configure:12984: found /usr/bin/python2.7
configure:12995: result: python2.7
configure:13011: checking for bash
configure:13029: found /bin/bash
configure:13041: result: /bin/bash
configure:13057: checking for perl
configure:13075: found /usr/bin/perl
configure:13087: result: /usr/bin/perl
configure:13096: checking for Perl version 5.10.1 or later
configure:13107: result: yes
configure:13149: checking whether NLS is requested
configure:13158: result: yes
configure:13196: checking for msgfmt
configure:13227: result: /usr/bin/msgfmt
configure:13236: checking for gmsgfmt
configure:13267: result: /usr/bin/msgfmt
configure:13307: checking for xgettext
configure:13338: result: /usr/bin/xgettext
configure:13378: checking for msgmerge
configure:13408: result: /usr/bin/msgmerge
configure:13483: checking for ld used by GCC
configure:13547: result: /usr/bin/x86_64-linux-gnu-ld -m elf_x86_64
configure:13554: checking if the linker (/usr/bin/x86_64-linux-gnu-ld -m elf_x86_64) is GNU ld
configure:13567: result: yes
configure:13573: checking for shared library run path origin
configure:13586: result: done
configure:14002: checking whether NLS is requested
configure:14011: result: yes
configure:14029: checking for GNU gettext in libc
configure:14048: gcc -o conftest -g -O2   conftest.c  >&5
conftest.c: In function 'main':
conftest.c:31:8: warning: cast from pointer to integer of different size [-Wpointer-to-int-cast]
 return (int) gettext ("") + (int) ngettext ("", "", 0) + _nl_msg_cat_cntr + *_nl_domain_bindings
        ^
conftest.c:31:29: warning: cast from pointer to integer of different size [-Wpointer-to-int-cast]
 return (int) gettext ("") + (int) ngettext ("", "", 0) + _nl_msg_cat_cntr + *_nl_domain_bindings
                             ^
configure:14048: $? = 0
configure:14056: result: yes
configure:14636: checking whether to use NLS
configure:14638: result: yes
configure:14641: checking where the gettext function comes from
configure:14652: result: libc
configure:14711: checking for fabs in -lm
configure:14736: gcc -o conftest -g -O2   conftest.c -lm   >&5
conftest.c:34:6: warning: conflicting types for built-in function 'fabs' [-Wbuiltin-declaration-mismatch]
 char fabs ();
      ^~~~
configure:14736: $? = 0
configure:14745: result: yes
configure:14814: checking for pkg-config
configure:14832: found /usr/bin/pkg-config
configure:14844: result: /usr/bin/pkg-config
configure:14869: checking pkg-config is at least version 0.9.0
configure:14872: result: yes
configure:14882: checking for LIBARCHIVE
configure:14889: $PKG_CONFIG --exists --print-errors "libarchive >= 3.0.0"
configure:14892: $? = 0
configure:14906: $PKG_CONFIG --exists --print-errors "libarchive >= 3.0.0"
configure:14909: $? = 0
configure:14947: result: yes
configure:15035: checking for LIBSSL
configure:15042: $PKG_CONFIG --exists --print-errors "libcrypto"
configure:15045: $? = 0
configure:15059: $PKG_CONFIG --exists --print-errors "libcrypto"
configure:15062: $? = 0
configure:15100: result: yes
configure:15135: checking for LIBCURL
configure:15142: $PKG_CONFIG --exists --print-errors "libcurl >= 7.32.0"
configure:15145: $? = 0
configure:15159: $PKG_CONFIG --exists --print-errors "libcurl >= 7.32.0"
configure:15162: $? = 0
configure:15200: result: yes
configure:15220: checking whether to link with libgpgme
configure:15223: result: yes
configure:15244: checking for gpgme-config
configure:15275: result: no
configure:15304: checking for GPGME - version >= 1.3.0
configure:15400: result: no
configure:15446: checking fcntl.h usability
configure:15446: gcc -c -g -O2  conftest.c >&5
configure:15446: $? = 0
configure:15446: result: yes
configure:15446: checking fcntl.h presence
configure:15446: gcc -E  conftest.c
configure:15446: $? = 0
configure:15446: result: yes
configure:15446: checking for fcntl.h
configure:15446: result: yes
configure:15446: checking float.h usability
configure:15446: gcc -c -g -O2  conftest.c >&5
configure:15446: $? = 0
configure:15446: result: yes
configure:15446: checking float.h presence
configure:15446: gcc -E  conftest.c
configure:15446: $? = 0
configure:15446: result: yes
configure:15446: checking for float.h
configure:15446: result: yes
configure:15446: checking glob.h usability
configure:15446: gcc -c -g -O2  conftest.c >&5
configure:15446: $? = 0
configure:15446: result: yes
configure:15446: checking glob.h presence
configure:15446: gcc -E  conftest.c
configure:15446: $? = 0
configure:15446: result: yes
configure:15446: checking for glob.h
configure:15446: result: yes
configure:15446: checking langinfo.h usability
configure:15446: gcc -c -g -O2  conftest.c >&5
configure:15446: $? = 0
configure:15446: result: yes
configure:15446: checking langinfo.h presence
configure:15446: gcc -E  conftest.c
configure:15446: $? = 0
configure:15446: result: yes
configure:15446: checking for langinfo.h
configure:15446: result: yes
configure:15446: checking libintl.h usability
configure:15446: gcc -c -g -O2  conftest.c >&5
configure:15446: $? = 0
configure:15446: result: yes
configure:15446: checking libintl.h presence
configure:15446: gcc -E  conftest.c
configure:15446: $? = 0
configure:15446: result: yes
configure:15446: checking for libintl.h
configure:15446: result: yes
configure:15446: checking limits.h usability
configure:15446: gcc -c -g -O2  conftest.c >&5
configure:15446: $? = 0
configure:15446: result: yes
configure:15446: checking limits.h presence
configure:15446: gcc -E  conftest.c
configure:15446: $? = 0
configure:15446: result: yes
configure:15446: checking for limits.h
configure:15446: result: yes
configure:15446: checking locale.h usability
configure:15446: gcc -c -g -O2  conftest.c >&5
configure:15446: $? = 0
configure:15446: result: yes
configure:15446: checking locale.h presence
configure:15446: gcc -E  conftest.c
configure:15446: $? = 0
configure:15446: result: yes
configure:15446: checking for locale.h
configure:15446: result: yes
configure:15446: checking mntent.h usability
configure:15446: gcc -c -g -O2  conftest.c >&5
configure:15446: $? = 0
configure:15446: result: yes
configure:15446: checking mntent.h presence
configure:15446: gcc -E  conftest.c
configure:15446: $? = 0
configure:15446: result: yes
configure:15446: checking for mntent.h
configure:15446: result: yes
configure:15446: checking netinet/in.h usability
configure:15446: gcc -c -g -O2  conftest.c >&5
configure:15446: $? = 0
configure:15446: result: yes
configure:15446: checking netinet/in.h presence
configure:15446: gcc -E  conftest.c
configure:15446: $? = 0
configure:15446: result: yes
configure:15446: checking for netinet/in.h
configure:15446: result: yes
configure:15446: checking netinet/tcp.h usability
configure:15446: gcc -c -g -O2  conftest.c >&5
configure:15446: $? = 0
configure:15446: result: yes
configure:15446: checking netinet/tcp.h presence
configure:15446: gcc -E  conftest.c
configure:15446: $? = 0
configure:15446: result: yes
configure:15446: checking for netinet/tcp.h
configure:15446: result: yes
configure:15446: checking stddef.h usability
configure:15446: gcc -c -g -O2  conftest.c >&5
configure:15446: $? = 0
configure:15446: result: yes
configure:15446: checking stddef.h presence
configure:15446: gcc -E  conftest.c
configure:15446: $? = 0
configure:15446: result: yes
configure:15446: checking for stddef.h
configure:15446: result: yes
configure:15446: checking for string.h
configure:15446: result: yes
configure:15446: checking sys/ioctl.h usability
configure:15446: gcc -c -g -O2  conftest.c >&5
configure:15446: $? = 0
configure:15446: result: yes
configure:15446: checking sys/ioctl.h presence
configure:15446: gcc -E  conftest.c
configure:15446: $? = 0
configure:15446: result: yes
configure:15446: checking for sys/ioctl.h
configure:15446: result: yes
configure:15446: checking sys/mnttab.h usability
configure:15446: gcc -c -g -O2  conftest.c >&5
conftest.c:76:10: fatal error: sys/mnttab.h: No such file or directory
 #include <sys/mnttab.h>
          ^~~~~~~~~~~~~~
compilation terminated.
configure:15446: $? = 1
configure: failed program was:
| /* confdefs.h */
| #define PACKAGE_NAME "meme"
| #define PACKAGE_TARNAME "meme"
| #define PACKAGE_VERSION "5.0.1"
| #define PACKAGE_STRING "meme 5.0.1"
| #define PACKAGE_BUGREPORT "win@kenokeno.bingo"
| #define PACKAGE_URL ""
| #define PACKAGE "meme"
| #define VERSION "5.0.1"
| #define STDC_HEADERS 1
| #define HAVE_SYS_TYPES_H 1
| #define HAVE_SYS_STAT_H 1
| #define HAVE_STDLIB_H 1
| #define HAVE_STRING_H 1
| #define HAVE_MEMORY_H 1
| #define HAVE_STRINGS_H 1
| #define HAVE_INTTYPES_H 1
| #define HAVE_STDINT_H 1
| #define HAVE_UNISTD_H 1
| #define HAVE_DLFCN_H 1
| #define LT_OBJDIR ".libs/"
| #define LIB_VERSION "10.0.1"
| #define ENABLE_NLS 1
| #define HAVE_GETTEXT 1
| #define HAVE_DCGETTEXT 1
| #define HAVE_LIBM 1
| #define HAVE_LIBSSL 1
| #define HAVE_LIBCURL 1
| #define HAVE_FCNTL_H 1
| #define HAVE_FLOAT_H 1
| #define HAVE_GLOB_H 1
| #define HAVE_LANGINFO_H 1
| #define HAVE_LIBINTL_H 1
| #define HAVE_LIMITS_H 1
| #define HAVE_LOCALE_H 1
| #define HAVE_MNTENT_H 1
| #define HAVE_NETINET_IN_H 1
| #define HAVE_NETINET_TCP_H 1
| #define HAVE_STDDEF_H 1
| #define HAVE_STRING_H 1
| #define HAVE_SYS_IOCTL_H 1
| /* end confdefs.h.  */
| #include <stdio.h>
| #ifdef HAVE_SYS_TYPES_H
| # include <sys/types.h>
| #endif
| #ifdef HAVE_SYS_STAT_H
| # include <sys/stat.h>
| #endif
| #ifdef STDC_HEADERS
| # include <stdlib.h>
| # include <stddef.h>
| #else
| # ifdef HAVE_STDLIB_H
| #  include <stdlib.h>
| # endif
| #endif
| #ifdef HAVE_STRING_H
| # if !defined STDC_HEADERS && defined HAVE_MEMORY_H
| #  include <memory.h>
| # endif
| # include <string.h>
| #endif
| #ifdef HAVE_STRINGS_H
| # include <strings.h>
| #endif
| #ifdef HAVE_INTTYPES_H
| # include <inttypes.h>
| #endif
| #ifdef HAVE_STDINT_H
| # include <stdint.h>
| #endif
| #ifdef HAVE_UNISTD_H
| # include <unistd.h>
| #endif
| #include <sys/mnttab.h>
configure:15446: result: no
configure:15446: checking sys/mnttab.h presence
configure:15446: gcc -E  conftest.c
conftest.c:43:10: fatal error: sys/mnttab.h: No such file or directory
 #include <sys/mnttab.h>
          ^~~~~~~~~~~~~~
compilation terminated.
configure:15446: $? = 1
configure: failed program was:
| /* confdefs.h */
| #define PACKAGE_NAME "meme"
| #define PACKAGE_TARNAME "meme"
| #define PACKAGE_VERSION "5.0.1"
| #define PACKAGE_STRING "meme 5.0.1"
| #define PACKAGE_BUGREPORT "win@kenokeno.bingo"
| #define PACKAGE_URL ""
| #define PACKAGE "meme"
| #define VERSION "5.0.1"
| #define STDC_HEADERS 1
| #define HAVE_SYS_TYPES_H 1
| #define HAVE_SYS_STAT_H 1
| #define HAVE_STDLIB_H 1
| #define HAVE_STRING_H 1
| #define HAVE_MEMORY_H 1
| #define HAVE_STRINGS_H 1
| #define HAVE_INTTYPES_H 1
| #define HAVE_STDINT_H 1
| #define HAVE_UNISTD_H 1
| #define HAVE_DLFCN_H 1
| #define LT_OBJDIR ".libs/"
| #define LIB_VERSION "10.0.1"
| #define ENABLE_NLS 1
| #define HAVE_GETTEXT 1
| #define HAVE_DCGETTEXT 1
| #define HAVE_LIBM 1
| #define HAVE_LIBSSL 1
| #define HAVE_LIBCURL 1
| #define HAVE_FCNTL_H 1
| #define HAVE_FLOAT_H 1
| #define HAVE_GLOB_H 1
| #define HAVE_LANGINFO_H 1
| #define HAVE_LIBINTL_H 1
| #define HAVE_LIMITS_H 1
| #define HAVE_LOCALE_H 1
| #define HAVE_MNTENT_H 1
| #define HAVE_NETINET_IN_H 1
| #define HAVE_NETINET_TCP_H 1
| #define HAVE_STDDEF_H 1
| #define HAVE_STRING_H 1
| #define HAVE_SYS_IOCTL_H 1
| /* end confdefs.h.  */
| #include <sys/mnttab.h>
configure:15446: result: no
configure:15446: checking for sys/mnttab.h
configure:15446: result: no
configure:15446: checking sys/mount.h usability
configure:15446: gcc -c -g -O2  conftest.c >&5
configure:15446: $? = 0
configure:15446: result: yes
configure:15446: checking sys/mount.h presence
configure:15446: gcc -E  conftest.c
configure:15446: $? = 0
configure:15446: result: yes
configure:15446: checking for sys/mount.h
configure:15446: result: yes
configure:15446: checking sys/param.h usability
configure:15446: gcc -c -g -O2  conftest.c >&5
configure:15446: $? = 0
configure:15446: result: yes
configure:15446: checking sys/param.h presence
configure:15446: gcc -E  conftest.c
configure:15446: $? = 0
configure:15446: result: yes
configure:15446: checking for sys/param.h
configure:15446: result: yes
configure:15446: checking sys/statvfs.h usability
configure:15446: gcc -c -g -O2  conftest.c >&5
configure:15446: $? = 0
configure:15446: result: yes
configure:15446: checking sys/statvfs.h presence
configure:15446: gcc -E  conftest.c
configure:15446: $? = 0
configure:15446: result: yes
configure:15446: checking for sys/statvfs.h
configure:15446: result: yes
configure:15446: checking sys/time.h usability
configure:15446: gcc -c -g -O2  conftest.c >&5
configure:15446: $? = 0
configure:15446: result: yes
configure:15446: checking sys/time.h presence
configure:15446: gcc -E  conftest.c
configure:15446: $? = 0
configure:15446: result: yes
configure:15446: checking for sys/time.h
configure:15446: result: yes
configure:15446: checking for sys/types.h
configure:15446: result: yes
configure:15446: checking sys/ucred.h usability
configure:15446: gcc -c -g -O2  conftest.c >&5
conftest.c:81:10: fatal error: sys/ucred.h: No such file or directory
 #include <sys/ucred.h>
          ^~~~~~~~~~~~~
compilation terminated.
configure:15446: $? = 1
configure: failed program was:
| /* confdefs.h */
| #define PACKAGE_NAME "meme"
| #define PACKAGE_TARNAME "meme"
| #define PACKAGE_VERSION "5.0.1"
| #define PACKAGE_STRING "meme 5.0.1"
| #define PACKAGE_BUGREPORT "win@kenokeno.bingo"
| #define PACKAGE_URL ""
| #define PACKAGE "meme"
| #define VERSION "5.0.1"
| #define STDC_HEADERS 1
| #define HAVE_SYS_TYPES_H 1
| #define HAVE_SYS_STAT_H 1
| #define HAVE_STDLIB_H 1
| #define HAVE_STRING_H 1
| #define HAVE_MEMORY_H 1
| #define HAVE_STRINGS_H 1
| #define HAVE_INTTYPES_H 1
| #define HAVE_STDINT_H 1
| #define HAVE_UNISTD_H 1
| #define HAVE_DLFCN_H 1
| #define LT_OBJDIR ".libs/"
| #define LIB_VERSION "10.0.1"
| #define ENABLE_NLS 1
| #define HAVE_GETTEXT 1
| #define HAVE_DCGETTEXT 1
| #define HAVE_LIBM 1
| #define HAVE_LIBSSL 1
| #define HAVE_LIBCURL 1
| #define HAVE_FCNTL_H 1
| #define HAVE_FLOAT_H 1
| #define HAVE_GLOB_H 1
| #define HAVE_LANGINFO_H 1
| #define HAVE_LIBINTL_H 1
| #define HAVE_LIMITS_H 1
| #define HAVE_LOCALE_H 1
| #define HAVE_MNTENT_H 1
| #define HAVE_NETINET_IN_H 1
| #define HAVE_NETINET_TCP_H 1
| #define HAVE_STDDEF_H 1
| #define HAVE_STRING_H 1
| #define HAVE_SYS_IOCTL_H 1
| #define HAVE_SYS_MOUNT_H 1
| #define HAVE_SYS_PARAM_H 1
| #define HAVE_SYS_STATVFS_H 1
| #define HAVE_SYS_TIME_H 1
| #define HAVE_SYS_TYPES_H 1
| /* end confdefs.h.  */
| #include <stdio.h>
| #ifdef HAVE_SYS_TYPES_H
| # include <sys/types.h>
| #endif
| #ifdef HAVE_SYS_STAT_H
| # include <sys/stat.h>
| #endif
| #ifdef STDC_HEADERS
| # include <stdlib.h>
| # include <stddef.h>
| #else
| # ifdef HAVE_STDLIB_H
| #  include <stdlib.h>
| # endif
| #endif
| #ifdef HAVE_STRING_H
| # if !defined STDC_HEADERS && defined HAVE_MEMORY_H
| #  include <memory.h>
| # endif
| # include <string.h>
| #endif
| #ifdef HAVE_STRINGS_H
| # include <strings.h>
| #endif
| #ifdef HAVE_INTTYPES_H
| # include <inttypes.h>
| #endif
| #ifdef HAVE_STDINT_H
| # include <stdint.h>
| #endif
| #ifdef HAVE_UNISTD_H
| # include <unistd.h>
| #endif
| #include <sys/ucred.h>
configure:15446: result: no
configure:15446: checking sys/ucred.h presence
configure:15446: gcc -E  conftest.c
conftest.c:48:10: fatal error: sys/ucred.h: No such file or directory
 #include <sys/ucred.h>
          ^~~~~~~~~~~~~
compilation terminated.
configure:15446: $? = 1
configure: failed program was:
| /* confdefs.h */
| #define PACKAGE_NAME "meme"
| #define PACKAGE_TARNAME "meme"
| #define PACKAGE_VERSION "5.0.1"
| #define PACKAGE_STRING "meme 5.0.1"
| #define PACKAGE_BUGREPORT "win@kenokeno.bingo"
| #define PACKAGE_URL ""
| #define PACKAGE "meme"
| #define VERSION "5.0.1"
| #define STDC_HEADERS 1
| #define HAVE_SYS_TYPES_H 1
| #define HAVE_SYS_STAT_H 1
| #define HAVE_STDLIB_H 1
| #define HAVE_STRING_H 1
| #define HAVE_MEMORY_H 1
| #define HAVE_STRINGS_H 1
| #define HAVE_INTTYPES_H 1
| #define HAVE_STDINT_H 1
| #define HAVE_UNISTD_H 1
| #define HAVE_DLFCN_H 1
| #define LT_OBJDIR ".libs/"
| #define LIB_VERSION "10.0.1"
| #define ENABLE_NLS 1
| #define HAVE_GETTEXT 1
| #define HAVE_DCGETTEXT 1
| #define HAVE_LIBM 1
| #define HAVE_LIBSSL 1
| #define HAVE_LIBCURL 1
| #define HAVE_FCNTL_H 1
| #define HAVE_FLOAT_H 1
| #define HAVE_GLOB_H 1
| #define HAVE_LANGINFO_H 1
| #define HAVE_LIBINTL_H 1
| #define HAVE_LIMITS_H 1
| #define HAVE_LOCALE_H 1
| #define HAVE_MNTENT_H 1
| #define HAVE_NETINET_IN_H 1
| #define HAVE_NETINET_TCP_H 1
| #define HAVE_STDDEF_H 1
| #define HAVE_STRING_H 1
| #define HAVE_SYS_IOCTL_H 1
| #define HAVE_SYS_MOUNT_H 1
| #define HAVE_SYS_PARAM_H 1
| #define HAVE_SYS_STATVFS_H 1
| #define HAVE_SYS_TIME_H 1
| #define HAVE_SYS_TYPES_H 1
| /* end confdefs.h.  */
| #include <sys/ucred.h>
configure:15446: result: no
configure:15446: checking for sys/ucred.h
configure:15446: result: no
configure:15446: checking syslog.h usability
configure:15446: gcc -c -g -O2  conftest.c >&5
configure:15446: $? = 0
configure:15446: result: yes
configure:15446: checking syslog.h presence
configure:15446: gcc -E  conftest.c
configure:15446: $? = 0
configure:15446: result: yes
configure:15446: checking for syslog.h
configure:15446: result: yes
configure:15446: checking termios.h usability
configure:15446: gcc -c -g -O2  conftest.c >&5
configure:15446: $? = 0
configure:15446: result: yes
configure:15446: checking termios.h presence
configure:15446: gcc -E  conftest.c
configure:15446: $? = 0
configure:15446: result: yes
configure:15446: checking for termios.h
configure:15446: result: yes
configure:15446: checking wchar.h usability
configure:15446: gcc -c -g -O2  conftest.c >&5
configure:15446: $? = 0
configure:15446: result: yes
configure:15446: checking wchar.h presence
configure:15446: gcc -E  conftest.c
configure:15446: $? = 0
configure:15446: result: yes
configure:15446: checking for wchar.h
configure:15446: result: yes
configure:15458: checking for inline
configure:15474: gcc -c -g -O2  conftest.c >&5
configure:15474: $? = 0
configure:15482: result: inline
configure:15500: checking for int64_t
configure:15500: gcc -c -g -O2  conftest.c >&5
configure:15500: $? = 0
configure:15500: gcc -c -g -O2  conftest.c >&5
conftest.c: In function 'main':
conftest.c:89:53: warning: integer overflow in expression [-Woverflow]
    < (int64_t) (((((int64_t) 1 << N) << N) - 1) * 2 + 2))];
                                                     ^
conftest.c:88:12: error: storage size of 'test_array' isn't constant
 static int test_array [1 - 2 * !((int64_t) (((((int64_t) 1 << N) << N) - 1) * 2 + 1)
            ^~~~~~~~~~
configure:15500: $? = 1
configure: failed program was:
| /* confdefs.h */
| #define PACKAGE_NAME "meme"
| #define PACKAGE_TARNAME "meme"
| #define PACKAGE_VERSION "5.0.1"
| #define PACKAGE_STRING "meme 5.0.1"
| #define PACKAGE_BUGREPORT "win@kenokeno.bingo"
| #define PACKAGE_URL ""
| #define PACKAGE "meme"
| #define VERSION "5.0.1"
| #define STDC_HEADERS 1
| #define HAVE_SYS_TYPES_H 1
| #define HAVE_SYS_STAT_H 1
| #define HAVE_STDLIB_H 1
| #define HAVE_STRING_H 1
| #define HAVE_MEMORY_H 1
| #define HAVE_STRINGS_H 1
| #define HAVE_INTTYPES_H 1
| #define HAVE_STDINT_H 1
| #define HAVE_UNISTD_H 1
| #define HAVE_DLFCN_H 1
| #define LT_OBJDIR ".libs/"
| #define LIB_VERSION "10.0.1"
| #define ENABLE_NLS 1
| #define HAVE_GETTEXT 1
| #define HAVE_DCGETTEXT 1
| #define HAVE_LIBM 1
| #define HAVE_LIBSSL 1
| #define HAVE_LIBCURL 1
| #define HAVE_FCNTL_H 1
| #define HAVE_FLOAT_H 1
| #define HAVE_GLOB_H 1
| #define HAVE_LANGINFO_H 1
| #define HAVE_LIBINTL_H 1
| #define HAVE_LIMITS_H 1
| #define HAVE_LOCALE_H 1
| #define HAVE_MNTENT_H 1
| #define HAVE_NETINET_IN_H 1
| #define HAVE_NETINET_TCP_H 1
| #define HAVE_STDDEF_H 1
| #define HAVE_STRING_H 1
| #define HAVE_SYS_IOCTL_H 1
| #define HAVE_SYS_MOUNT_H 1
| #define HAVE_SYS_PARAM_H 1
| #define HAVE_SYS_STATVFS_H 1
| #define HAVE_SYS_TIME_H 1
| #define HAVE_SYS_TYPES_H 1
| #define HAVE_SYSLOG_H 1
| #define HAVE_TERMIOS_H 1
| #define HAVE_WCHAR_H 1
| /* end confdefs.h.  */
| #include <stdio.h>
| #ifdef HAVE_SYS_TYPES_H
| # include <sys/types.h>
| #endif
| #ifdef HAVE_SYS_STAT_H
| # include <sys/stat.h>
| #endif
| #ifdef STDC_HEADERS
| # include <stdlib.h>
| # include <stddef.h>
| #else
| # ifdef HAVE_STDLIB_H
| #  include <stdlib.h>
| # endif
| #endif
| #ifdef HAVE_STRING_H
| # if !defined STDC_HEADERS && defined HAVE_MEMORY_H
| #  include <memory.h>
| # endif
| # include <string.h>
| #endif
| #ifdef HAVE_STRINGS_H
| # include <strings.h>
| #endif
| #ifdef HAVE_INTTYPES_H
| # include <inttypes.h>
| #endif
| #ifdef HAVE_STDINT_H
| # include <stdint.h>
| #endif
| #ifdef HAVE_UNISTD_H
| # include <unistd.h>
| #endif
| 	        enum { N = 64 / 2 - 1 };
| int
| main ()
| {
| static int test_array [1 - 2 * !((int64_t) (((((int64_t) 1 << N) << N) - 1) * 2 + 1)
| 		 < (int64_t) (((((int64_t) 1 << N) << N) - 1) * 2 + 2))];
| test_array [0] = 0;
| return test_array [0];
| 
|   ;
|   return 0;
| }
configure:15500: result: yes
configure:15511: checking for mode_t
configure:15511: gcc -c -g -O2  conftest.c >&5
configure:15511: $? = 0
configure:15511: gcc -c -g -O2  conftest.c >&5
conftest.c: In function 'main':
conftest.c:87:21: error: expected expression before ')' token
 if (sizeof ((mode_t)))
                     ^
configure:15511: $? = 1
configure: failed program was:
| /* confdefs.h */
| #define PACKAGE_NAME "meme"
| #define PACKAGE_TARNAME "meme"
| #define PACKAGE_VERSION "5.0.1"
| #define PACKAGE_STRING "meme 5.0.1"
| #define PACKAGE_BUGREPORT "win@kenokeno.bingo"
| #define PACKAGE_URL ""
| #define PACKAGE "meme"
| #define VERSION "5.0.1"
| #define STDC_HEADERS 1
| #define HAVE_SYS_TYPES_H 1
| #define HAVE_SYS_STAT_H 1
| #define HAVE_STDLIB_H 1
| #define HAVE_STRING_H 1
| #define HAVE_MEMORY_H 1
| #define HAVE_STRINGS_H 1
| #define HAVE_INTTYPES_H 1
| #define HAVE_STDINT_H 1
| #define HAVE_UNISTD_H 1
| #define HAVE_DLFCN_H 1
| #define LT_OBJDIR ".libs/"
| #define LIB_VERSION "10.0.1"
| #define ENABLE_NLS 1
| #define HAVE_GETTEXT 1
| #define HAVE_DCGETTEXT 1
| #define HAVE_LIBM 1
| #define HAVE_LIBSSL 1
| #define HAVE_LIBCURL 1
| #define HAVE_FCNTL_H 1
| #define HAVE_FLOAT_H 1
| #define HAVE_GLOB_H 1
| #define HAVE_LANGINFO_H 1
| #define HAVE_LIBINTL_H 1
| #define HAVE_LIMITS_H 1
| #define HAVE_LOCALE_H 1
| #define HAVE_MNTENT_H 1
| #define HAVE_NETINET_IN_H 1
| #define HAVE_NETINET_TCP_H 1
| #define HAVE_STDDEF_H 1
| #define HAVE_STRING_H 1
| #define HAVE_SYS_IOCTL_H 1
| #define HAVE_SYS_MOUNT_H 1
| #define HAVE_SYS_PARAM_H 1
| #define HAVE_SYS_STATVFS_H 1
| #define HAVE_SYS_TIME_H 1
| #define HAVE_SYS_TYPES_H 1
| #define HAVE_SYSLOG_H 1
| #define HAVE_TERMIOS_H 1
| #define HAVE_WCHAR_H 1
| /* end confdefs.h.  */
| #include <stdio.h>
| #ifdef HAVE_SYS_TYPES_H
| # include <sys/types.h>
| #endif
| #ifdef HAVE_SYS_STAT_H
| # include <sys/stat.h>
| #endif
| #ifdef STDC_HEADERS
| # include <stdlib.h>
| # include <stddef.h>
| #else
| # ifdef HAVE_STDLIB_H
| #  include <stdlib.h>
| # endif
| #endif
| #ifdef HAVE_STRING_H
| # if !defined STDC_HEADERS && defined HAVE_MEMORY_H
| #  include <memory.h>
| # endif
| # include <string.h>
| #endif
| #ifdef HAVE_STRINGS_H
| # include <strings.h>
| #endif
| #ifdef HAVE_INTTYPES_H
| # include <inttypes.h>
| #endif
| #ifdef HAVE_STDINT_H
| # include <stdint.h>
| #endif
| #ifdef HAVE_UNISTD_H
| # include <unistd.h>
| #endif
| int
| main ()
| {
| if (sizeof ((mode_t)))
| 	    return 0;
|   ;
|   return 0;
| }
configure:15511: result: yes
configure:15522: checking for off_t
configure:15522: gcc -c -g -O2  conftest.c >&5
configure:15522: $? = 0
configure:15522: gcc -c -g -O2  conftest.c >&5
conftest.c: In function 'main':
conftest.c:87:20: error: expected expression before ')' token
 if (sizeof ((off_t)))
                    ^
configure:15522: $? = 1
configure: failed program was:
| /* confdefs.h */
| #define PACKAGE_NAME "meme"
| #define PACKAGE_TARNAME "meme"
| #define PACKAGE_VERSION "5.0.1"
| #define PACKAGE_STRING "meme 5.0.1"
| #define PACKAGE_BUGREPORT "win@kenokeno.bingo"
| #define PACKAGE_URL ""
| #define PACKAGE "meme"
| #define VERSION "5.0.1"
| #define STDC_HEADERS 1
| #define HAVE_SYS_TYPES_H 1
| #define HAVE_SYS_STAT_H 1
| #define HAVE_STDLIB_H 1
| #define HAVE_STRING_H 1
| #define HAVE_MEMORY_H 1
| #define HAVE_STRINGS_H 1
| #define HAVE_INTTYPES_H 1
| #define HAVE_STDINT_H 1
| #define HAVE_UNISTD_H 1
| #define HAVE_DLFCN_H 1
| #define LT_OBJDIR ".libs/"
| #define LIB_VERSION "10.0.1"
| #define ENABLE_NLS 1
| #define HAVE_GETTEXT 1
| #define HAVE_DCGETTEXT 1
| #define HAVE_LIBM 1
| #define HAVE_LIBSSL 1
| #define HAVE_LIBCURL 1
| #define HAVE_FCNTL_H 1
| #define HAVE_FLOAT_H 1
| #define HAVE_GLOB_H 1
| #define HAVE_LANGINFO_H 1
| #define HAVE_LIBINTL_H 1
| #define HAVE_LIMITS_H 1
| #define HAVE_LOCALE_H 1
| #define HAVE_MNTENT_H 1
| #define HAVE_NETINET_IN_H 1
| #define HAVE_NETINET_TCP_H 1
| #define HAVE_STDDEF_H 1
| #define HAVE_STRING_H 1
| #define HAVE_SYS_IOCTL_H 1
| #define HAVE_SYS_MOUNT_H 1
| #define HAVE_SYS_PARAM_H 1
| #define HAVE_SYS_STATVFS_H 1
| #define HAVE_SYS_TIME_H 1
| #define HAVE_SYS_TYPES_H 1
| #define HAVE_SYSLOG_H 1
| #define HAVE_TERMIOS_H 1
| #define HAVE_WCHAR_H 1
| /* end confdefs.h.  */
| #include <stdio.h>
| #ifdef HAVE_SYS_TYPES_H
| # include <sys/types.h>
| #endif
| #ifdef HAVE_SYS_STAT_H
| # include <sys/stat.h>
| #endif
| #ifdef STDC_HEADERS
| # include <stdlib.h>
| # include <stddef.h>
| #else
| # ifdef HAVE_STDLIB_H
| #  include <stdlib.h>
| # endif
| #endif
| #ifdef HAVE_STRING_H
| # if !defined STDC_HEADERS && defined HAVE_MEMORY_H
| #  include <memory.h>
| # endif
| # include <string.h>
| #endif
| #ifdef HAVE_STRINGS_H
| # include <strings.h>
| #endif
| #ifdef HAVE_INTTYPES_H
| # include <inttypes.h>
| #endif
| #ifdef HAVE_STDINT_H
| # include <stdint.h>
| #endif
| #ifdef HAVE_UNISTD_H
| # include <unistd.h>
| #endif
| int
| main ()
| {
| if (sizeof ((off_t)))
| 	    return 0;
|   ;
|   return 0;
| }
configure:15522: result: yes
configure:15533: checking for pid_t
configure:15533: gcc -c -g -O2  conftest.c >&5
configure:15533: $? = 0
configure:15533: gcc -c -g -O2  conftest.c >&5
conftest.c: In function 'main':
conftest.c:87:20: error: expected expression before ')' token
 if (sizeof ((pid_t)))
                    ^
configure:15533: $? = 1
configure: failed program was:
| /* confdefs.h */
| #define PACKAGE_NAME "meme"
| #define PACKAGE_TARNAME "meme"
| #define PACKAGE_VERSION "5.0.1"
| #define PACKAGE_STRING "meme 5.0.1"
| #define PACKAGE_BUGREPORT "win@kenokeno.bingo"
| #define PACKAGE_URL ""
| #define PACKAGE "meme"
| #define VERSION "5.0.1"
| #define STDC_HEADERS 1
| #define HAVE_SYS_TYPES_H 1
| #define HAVE_SYS_STAT_H 1
| #define HAVE_STDLIB_H 1
| #define HAVE_STRING_H 1
| #define HAVE_MEMORY_H 1
| #define HAVE_STRINGS_H 1
| #define HAVE_INTTYPES_H 1
| #define HAVE_STDINT_H 1
| #define HAVE_UNISTD_H 1
| #define HAVE_DLFCN_H 1
| #define LT_OBJDIR ".libs/"
| #define LIB_VERSION "10.0.1"
| #define ENABLE_NLS 1
| #define HAVE_GETTEXT 1
| #define HAVE_DCGETTEXT 1
| #define HAVE_LIBM 1
| #define HAVE_LIBSSL 1
| #define HAVE_LIBCURL 1
| #define HAVE_FCNTL_H 1
| #define HAVE_FLOAT_H 1
| #define HAVE_GLOB_H 1
| #define HAVE_LANGINFO_H 1
| #define HAVE_LIBINTL_H 1
| #define HAVE_LIMITS_H 1
| #define HAVE_LOCALE_H 1
| #define HAVE_MNTENT_H 1
| #define HAVE_NETINET_IN_H 1
| #define HAVE_NETINET_TCP_H 1
| #define HAVE_STDDEF_H 1
| #define HAVE_STRING_H 1
| #define HAVE_SYS_IOCTL_H 1
| #define HAVE_SYS_MOUNT_H 1
| #define HAVE_SYS_PARAM_H 1
| #define HAVE_SYS_STATVFS_H 1
| #define HAVE_SYS_TIME_H 1
| #define HAVE_SYS_TYPES_H 1
| #define HAVE_SYSLOG_H 1
| #define HAVE_TERMIOS_H 1
| #define HAVE_WCHAR_H 1
| /* end confdefs.h.  */
| #include <stdio.h>
| #ifdef HAVE_SYS_TYPES_H
| # include <sys/types.h>
| #endif
| #ifdef HAVE_SYS_STAT_H
| # include <sys/stat.h>
| #endif
| #ifdef STDC_HEADERS
| # include <stdlib.h>
| # include <stddef.h>
| #else
| # ifdef HAVE_STDLIB_H
| #  include <stdlib.h>
| # endif
| #endif
| #ifdef HAVE_STRING_H
| # if !defined STDC_HEADERS && defined HAVE_MEMORY_H
| #  include <memory.h>
| # endif
| # include <string.h>
| #endif
| #ifdef HAVE_STRINGS_H
| # include <strings.h>
| #endif
| #ifdef HAVE_INTTYPES_H
| # include <inttypes.h>
| #endif
| #ifdef HAVE_STDINT_H
| # include <stdint.h>
| #endif
| #ifdef HAVE_UNISTD_H
| # include <unistd.h>
| #endif
| int
| main ()
| {
| if (sizeof ((pid_t)))
| 	    return 0;
|   ;
|   return 0;
| }
configure:15533: result: yes
configure:15544: checking for size_t
configure:15544: gcc -c -g -O2  conftest.c >&5
configure:15544: $? = 0
configure:15544: gcc -c -g -O2  conftest.c >&5
conftest.c: In function 'main':
conftest.c:87:21: error: expected expression before ')' token
 if (sizeof ((size_t)))
                     ^
configure:15544: $? = 1
configure: failed program was:
| /* confdefs.h */
| #define PACKAGE_NAME "meme"
| #define PACKAGE_TARNAME "meme"
| #define PACKAGE_VERSION "5.0.1"
| #define PACKAGE_STRING "meme 5.0.1"
| #define PACKAGE_BUGREPORT "win@kenokeno.bingo"
| #define PACKAGE_URL ""
| #define PACKAGE "meme"
| #define VERSION "5.0.1"
| #define STDC_HEADERS 1
| #define HAVE_SYS_TYPES_H 1
| #define HAVE_SYS_STAT_H 1
| #define HAVE_STDLIB_H 1
| #define HAVE_STRING_H 1
| #define HAVE_MEMORY_H 1
| #define HAVE_STRINGS_H 1
| #define HAVE_INTTYPES_H 1
| #define HAVE_STDINT_H 1
| #define HAVE_UNISTD_H 1
| #define HAVE_DLFCN_H 1
| #define LT_OBJDIR ".libs/"
| #define LIB_VERSION "10.0.1"
| #define ENABLE_NLS 1
| #define HAVE_GETTEXT 1
| #define HAVE_DCGETTEXT 1
| #define HAVE_LIBM 1
| #define HAVE_LIBSSL 1
| #define HAVE_LIBCURL 1
| #define HAVE_FCNTL_H 1
| #define HAVE_FLOAT_H 1
| #define HAVE_GLOB_H 1
| #define HAVE_LANGINFO_H 1
| #define HAVE_LIBINTL_H 1
| #define HAVE_LIMITS_H 1
| #define HAVE_LOCALE_H 1
| #define HAVE_MNTENT_H 1
| #define HAVE_NETINET_IN_H 1
| #define HAVE_NETINET_TCP_H 1
| #define HAVE_STDDEF_H 1
| #define HAVE_STRING_H 1
| #define HAVE_SYS_IOCTL_H 1
| #define HAVE_SYS_MOUNT_H 1
| #define HAVE_SYS_PARAM_H 1
| #define HAVE_SYS_STATVFS_H 1
| #define HAVE_SYS_TIME_H 1
| #define HAVE_SYS_TYPES_H 1
| #define HAVE_SYSLOG_H 1
| #define HAVE_TERMIOS_H 1
| #define HAVE_WCHAR_H 1
| /* end confdefs.h.  */
| #include <stdio.h>
| #ifdef HAVE_SYS_TYPES_H
| # include <sys/types.h>
| #endif
| #ifdef HAVE_SYS_STAT_H
| # include <sys/stat.h>
| #endif
| #ifdef STDC_HEADERS
| # include <stdlib.h>
| # include <stddef.h>
| #else
| # ifdef HAVE_STDLIB_H
| #  include <stdlib.h>
| # endif
| #endif
| #ifdef HAVE_STRING_H
| # if !defined STDC_HEADERS && defined HAVE_MEMORY_H
| #  include <memory.h>
| # endif
| # include <string.h>
| #endif
| #ifdef HAVE_STRINGS_H
| # include <strings.h>
| #endif
| #ifdef HAVE_INTTYPES_H
| # include <inttypes.h>
| #endif
| #ifdef HAVE_STDINT_H
| # include <stdint.h>
| #endif
| #ifdef HAVE_UNISTD_H
| # include <unistd.h>
| #endif
| int
| main ()
| {
| if (sizeof ((size_t)))
| 	    return 0;
|   ;
|   return 0;
| }
configure:15544: result: yes
configure:15555: checking for ssize_t
configure:15555: gcc -c -g -O2  conftest.c >&5
configure:15555: $? = 0
configure:15555: gcc -c -g -O2  conftest.c >&5
conftest.c: In function 'main':
conftest.c:87:22: error: expected expression before ')' token
 if (sizeof ((ssize_t)))
                      ^
configure:15555: $? = 1
configure: failed program was:
| /* confdefs.h */
| #define PACKAGE_NAME "meme"
| #define PACKAGE_TARNAME "meme"
| #define PACKAGE_VERSION "5.0.1"
| #define PACKAGE_STRING "meme 5.0.1"
| #define PACKAGE_BUGREPORT "win@kenokeno.bingo"
| #define PACKAGE_URL ""
| #define PACKAGE "meme"
| #define VERSION "5.0.1"
| #define STDC_HEADERS 1
| #define HAVE_SYS_TYPES_H 1
| #define HAVE_SYS_STAT_H 1
| #define HAVE_STDLIB_H 1
| #define HAVE_STRING_H 1
| #define HAVE_MEMORY_H 1
| #define HAVE_STRINGS_H 1
| #define HAVE_INTTYPES_H 1
| #define HAVE_STDINT_H 1
| #define HAVE_UNISTD_H 1
| #define HAVE_DLFCN_H 1
| #define LT_OBJDIR ".libs/"
| #define LIB_VERSION "10.0.1"
| #define ENABLE_NLS 1
| #define HAVE_GETTEXT 1
| #define HAVE_DCGETTEXT 1
| #define HAVE_LIBM 1
| #define HAVE_LIBSSL 1
| #define HAVE_LIBCURL 1
| #define HAVE_FCNTL_H 1
| #define HAVE_FLOAT_H 1
| #define HAVE_GLOB_H 1
| #define HAVE_LANGINFO_H 1
| #define HAVE_LIBINTL_H 1
| #define HAVE_LIMITS_H 1
| #define HAVE_LOCALE_H 1
| #define HAVE_MNTENT_H 1
| #define HAVE_NETINET_IN_H 1
| #define HAVE_NETINET_TCP_H 1
| #define HAVE_STDDEF_H 1
| #define HAVE_STRING_H 1
| #define HAVE_SYS_IOCTL_H 1
| #define HAVE_SYS_MOUNT_H 1
| #define HAVE_SYS_PARAM_H 1
| #define HAVE_SYS_STATVFS_H 1
| #define HAVE_SYS_TIME_H 1
| #define HAVE_SYS_TYPES_H 1
| #define HAVE_SYSLOG_H 1
| #define HAVE_TERMIOS_H 1
| #define HAVE_WCHAR_H 1
| /* end confdefs.h.  */
| #include <stdio.h>
| #ifdef HAVE_SYS_TYPES_H
| # include <sys/types.h>
| #endif
| #ifdef HAVE_SYS_STAT_H
| # include <sys/stat.h>
| #endif
| #ifdef STDC_HEADERS
| # include <stdlib.h>
| # include <stddef.h>
| #else
| # ifdef HAVE_STDLIB_H
| #  include <stdlib.h>
| # endif
| #endif
| #ifdef HAVE_STRING_H
| # if !defined STDC_HEADERS && defined HAVE_MEMORY_H
| #  include <memory.h>
| # endif
| # include <string.h>
| #endif
| #ifdef HAVE_STRINGS_H
| # include <strings.h>
| #endif
| #ifdef HAVE_INTTYPES_H
| # include <inttypes.h>
| #endif
| #ifdef HAVE_STDINT_H
| # include <stdint.h>
| #endif
| #ifdef HAVE_UNISTD_H
| # include <unistd.h>
| #endif
| int
| main ()
| {
| if (sizeof ((ssize_t)))
| 	    return 0;
|   ;
|   return 0;
| }
configure:15555: result: yes
configure:15566: checking whether struct tm is in sys/time.h or time.h
configure:15586: gcc -c -g -O2  conftest.c >&5
configure:15586: $? = 0
configure:15593: result: time.h
configure:15601: checking for uid_t in sys/types.h
configure:15620: result: yes
configure:15634: checking for dirent.h that defines DIR
configure:15653: gcc -c -g -O2  conftest.c >&5
configure:15653: $? = 0
configure:15661: result: yes
configure:15674: checking for library containing opendir
configure:15705: gcc -o conftest -g -O2   conftest.c -lm  >&5
configure:15705: $? = 0
configure:15722: result: none required
configure:15791: checking for struct dirent.d_type
configure:15791: gcc -c -g -O2  conftest.c >&5
configure:15791: $? = 0
configure:15791: result: yes
configure:15819: checking PATH_MAX defined
configure:15843: result: yes
configure:15855: checking vfork.h usability
configure:15855: gcc -c -g -O2  conftest.c >&5
conftest.c:86:10: fatal error: vfork.h: No such file or directory
 #include <vfork.h>
          ^~~~~~~~~
compilation terminated.
configure:15855: $? = 1
configure: failed program was:
| /* confdefs.h */
| #define PACKAGE_NAME "meme"
| #define PACKAGE_TARNAME "meme"
| #define PACKAGE_VERSION "5.0.1"
| #define PACKAGE_STRING "meme 5.0.1"
| #define PACKAGE_BUGREPORT "win@kenokeno.bingo"
| #define PACKAGE_URL ""
| #define PACKAGE "meme"
| #define VERSION "5.0.1"
| #define STDC_HEADERS 1
| #define HAVE_SYS_TYPES_H 1
| #define HAVE_SYS_STAT_H 1
| #define HAVE_STDLIB_H 1
| #define HAVE_STRING_H 1
| #define HAVE_MEMORY_H 1
| #define HAVE_STRINGS_H 1
| #define HAVE_INTTYPES_H 1
| #define HAVE_STDINT_H 1
| #define HAVE_UNISTD_H 1
| #define HAVE_DLFCN_H 1
| #define LT_OBJDIR ".libs/"
| #define LIB_VERSION "10.0.1"
| #define ENABLE_NLS 1
| #define HAVE_GETTEXT 1
| #define HAVE_DCGETTEXT 1
| #define HAVE_LIBM 1
| #define HAVE_LIBSSL 1
| #define HAVE_LIBCURL 1
| #define HAVE_FCNTL_H 1
| #define HAVE_FLOAT_H 1
| #define HAVE_GLOB_H 1
| #define HAVE_LANGINFO_H 1
| #define HAVE_LIBINTL_H 1
| #define HAVE_LIMITS_H 1
| #define HAVE_LOCALE_H 1
| #define HAVE_MNTENT_H 1
| #define HAVE_NETINET_IN_H 1
| #define HAVE_NETINET_TCP_H 1
| #define HAVE_STDDEF_H 1
| #define HAVE_STRING_H 1
| #define HAVE_SYS_IOCTL_H 1
| #define HAVE_SYS_MOUNT_H 1
| #define HAVE_SYS_PARAM_H 1
| #define HAVE_SYS_STATVFS_H 1
| #define HAVE_SYS_TIME_H 1
| #define HAVE_SYS_TYPES_H 1
| #define HAVE_SYSLOG_H 1
| #define HAVE_TERMIOS_H 1
| #define HAVE_WCHAR_H 1
| #define HAVE_DIRENT_H 1
| #define HAVE_STRUCT_DIRENT_D_TYPE 1
| /* end confdefs.h.  */
| #include <stdio.h>
| #ifdef HAVE_SYS_TYPES_H
| # include <sys/types.h>
| #endif
| #ifdef HAVE_SYS_STAT_H
| # include <sys/stat.h>
| #endif
| #ifdef STDC_HEADERS
| # include <stdlib.h>
| # include <stddef.h>
| #else
| # ifdef HAVE_STDLIB_H
| #  include <stdlib.h>
| # endif
| #endif
| #ifdef HAVE_STRING_H
| # if !defined STDC_HEADERS && defined HAVE_MEMORY_H
| #  include <memory.h>
| # endif
| # include <string.h>
| #endif
| #ifdef HAVE_STRINGS_H
| # include <strings.h>
| #endif
| #ifdef HAVE_INTTYPES_H
| # include <inttypes.h>
| #endif
| #ifdef HAVE_STDINT_H
| # include <stdint.h>
| #endif
| #ifdef HAVE_UNISTD_H
| # include <unistd.h>
| #endif
| #include <vfork.h>
configure:15855: result: no
configure:15855: checking vfork.h presence
configure:15855: gcc -E  conftest.c
conftest.c:53:10: fatal error: vfork.h: No such file or directory
 #include <vfork.h>
          ^~~~~~~~~
compilation terminated.
configure:15855: $? = 1
configure: failed program was:
| /* confdefs.h */
| #define PACKAGE_NAME "meme"
| #define PACKAGE_TARNAME "meme"
| #define PACKAGE_VERSION "5.0.1"
| #define PACKAGE_STRING "meme 5.0.1"
| #define PACKAGE_BUGREPORT "win@kenokeno.bingo"
| #define PACKAGE_URL ""
| #define PACKAGE "meme"
| #define VERSION "5.0.1"
| #define STDC_HEADERS 1
| #define HAVE_SYS_TYPES_H 1
| #define HAVE_SYS_STAT_H 1
| #define HAVE_STDLIB_H 1
| #define HAVE_STRING_H 1
| #define HAVE_MEMORY_H 1
| #define HAVE_STRINGS_H 1
| #define HAVE_INTTYPES_H 1
| #define HAVE_STDINT_H 1
| #define HAVE_UNISTD_H 1
| #define HAVE_DLFCN_H 1
| #define LT_OBJDIR ".libs/"
| #define LIB_VERSION "10.0.1"
| #define ENABLE_NLS 1
| #define HAVE_GETTEXT 1
| #define HAVE_DCGETTEXT 1
| #define HAVE_LIBM 1
| #define HAVE_LIBSSL 1
| #define HAVE_LIBCURL 1
| #define HAVE_FCNTL_H 1
| #define HAVE_FLOAT_H 1
| #define HAVE_GLOB_H 1
| #define HAVE_LANGINFO_H 1
| #define HAVE_LIBINTL_H 1
| #define HAVE_LIMITS_H 1
| #define HAVE_LOCALE_H 1
| #define HAVE_MNTENT_H 1
| #define HAVE_NETINET_IN_H 1
| #define HAVE_NETINET_TCP_H 1
| #define HAVE_STDDEF_H 1
| #define HAVE_STRING_H 1
| #define HAVE_SYS_IOCTL_H 1
| #define HAVE_SYS_MOUNT_H 1
| #define HAVE_SYS_PARAM_H 1
| #define HAVE_SYS_STATVFS_H 1
| #define HAVE_SYS_TIME_H 1
| #define HAVE_SYS_TYPES_H 1
| #define HAVE_SYSLOG_H 1
| #define HAVE_TERMIOS_H 1
| #define HAVE_WCHAR_H 1
| #define HAVE_DIRENT_H 1
| #define HAVE_STRUCT_DIRENT_D_TYPE 1
| /* end confdefs.h.  */
| #include <vfork.h>
configure:15855: result: no
configure:15855: checking for vfork.h
configure:15855: result: no
configure:15868: checking for fork
configure:15868: gcc -o conftest -g -O2   conftest.c -lm  >&5
conftest.c:76:6: warning: conflicting types for built-in function 'fork' [-Wbuiltin-declaration-mismatch]
 char fork ();
      ^~~~
configure:15868: $? = 0
configure:15868: result: yes
configure:15868: checking for vfork
configure:15868: gcc -o conftest -g -O2   conftest.c -lm  >&5
configure:15868: $? = 0
configure:15868: result: yes
configure:15878: checking for working fork
configure:15900: gcc -o conftest -g -O2   conftest.c -lm  >&5
configure:15900: $? = 0
configure:15900: ./conftest
configure:15900: $? = 0
configure:15910: result: yes
configure:15931: checking for working vfork
configure:16041: result: yes
configure:16068: checking for library containing getmntent
configure:16099: gcc -o conftest -g -O2   conftest.c -lm  >&5
configure:16099: $? = 0
configure:16116: result: none required
configure:16130: checking whether lstat correctly handles trailing slash
configure:16156: gcc -o conftest -g -O2   conftest.c -lm  >&5
configure:16156: $? = 0
configure:16156: ./conftest
configure:16156: $? = 0
configure:16173: result: yes
configure:16192: checking whether time.h and sys/time.h may both be included
configure:16212: gcc -c -g -O2  conftest.c >&5
configure:16212: $? = 0
configure:16219: result: yes
configure:16233: checking for sys/time.h
configure:16233: result: yes
configure:16233: checking for unistd.h
configure:16233: result: yes
configure:16254: checking for alarm
configure:16254: gcc -o conftest -g -O2   conftest.c -lm  >&5
configure:16254: $? = 0
configure:16254: result: yes
configure:16267: checking for working mktime
configure:16469: gcc -o conftest -g -O2   conftest.c -lm  >&5
configure:16469: $? = 0
configure:16469: ./conftest
configure:16469: $? = 0
configure:16479: result: yes
configure:16490: checking for working strcoll
configure:16511: gcc -o conftest -g -O2   conftest.c -lm  >&5
configure:16511: $? = 0
configure:16511: ./conftest
configure:16511: $? = 0
configure:16521: result: yes
configure:16535: checking for dup2
configure:16535: gcc -o conftest -g -O2   conftest.c -lm  >&5
configure:16535: $? = 0
configure:16535: result: yes
configure:16535: checking for getcwd
configure:16535: gcc -o conftest -g -O2   conftest.c -lm  >&5
configure:16535: $? = 0
configure:16535: result: yes
configure:16535: checking for getmntinfo
configure:16535: gcc -o conftest -g -O2   conftest.c -lm  >&5
/tmp/ccWzWK24.o: In function `main':
/home/bingo/meme/conftest.c:100: undefined reference to `getmntinfo'
collect2: error: ld returned 1 exit status
configure:16535: $? = 1
configure: failed program was:
| /* confdefs.h */
| #define PACKAGE_NAME "meme"
| #define PACKAGE_TARNAME "meme"
| #define PACKAGE_VERSION "5.0.1"
| #define PACKAGE_STRING "meme 5.0.1"
| #define PACKAGE_BUGREPORT "win@kenokeno.bingo"
| #define PACKAGE_URL ""
| #define PACKAGE "meme"
| #define VERSION "5.0.1"
| #define STDC_HEADERS 1
| #define HAVE_SYS_TYPES_H 1
| #define HAVE_SYS_STAT_H 1
| #define HAVE_STDLIB_H 1
| #define HAVE_STRING_H 1
| #define HAVE_MEMORY_H 1
| #define HAVE_STRINGS_H 1
| #define HAVE_INTTYPES_H 1
| #define HAVE_STDINT_H 1
| #define HAVE_UNISTD_H 1
| #define HAVE_DLFCN_H 1
| #define LT_OBJDIR ".libs/"
| #define LIB_VERSION "10.0.1"
| #define ENABLE_NLS 1
| #define HAVE_GETTEXT 1
| #define HAVE_DCGETTEXT 1
| #define HAVE_LIBM 1
| #define HAVE_LIBSSL 1
| #define HAVE_LIBCURL 1
| #define HAVE_FCNTL_H 1
| #define HAVE_FLOAT_H 1
| #define HAVE_GLOB_H 1
| #define HAVE_LANGINFO_H 1
| #define HAVE_LIBINTL_H 1
| #define HAVE_LIMITS_H 1
| #define HAVE_LOCALE_H 1
| #define HAVE_MNTENT_H 1
| #define HAVE_NETINET_IN_H 1
| #define HAVE_NETINET_TCP_H 1
| #define HAVE_STDDEF_H 1
| #define HAVE_STRING_H 1
| #define HAVE_SYS_IOCTL_H 1
| #define HAVE_SYS_MOUNT_H 1
| #define HAVE_SYS_PARAM_H 1
| #define HAVE_SYS_STATVFS_H 1
| #define HAVE_SYS_TIME_H 1
| #define HAVE_SYS_TYPES_H 1
| #define HAVE_SYSLOG_H 1
| #define HAVE_TERMIOS_H 1
| #define HAVE_WCHAR_H 1
| #define HAVE_DIRENT_H 1
| #define HAVE_STRUCT_DIRENT_D_TYPE 1
| #define HAVE_FORK 1
| #define HAVE_VFORK 1
| #define HAVE_WORKING_VFORK 1
| #define HAVE_WORKING_FORK 1
| #define HAVE_GETMNTENT 1
| #define LSTAT_FOLLOWS_SLASHED_SYMLINK 1
| #define TIME_WITH_SYS_TIME 1
| #define HAVE_SYS_TIME_H 1
| #define HAVE_UNISTD_H 1
| #define HAVE_ALARM 1
| #define HAVE_STRCOLL 1
| #define HAVE_DUP2 1
| #define HAVE_GETCWD 1
| /* end confdefs.h.  */
| /* Define getmntinfo to an innocuous variant, in case <limits.h> declares getmntinfo.
|    For example, HP-UX 11i <limits.h> declares gettimeofday.  */
| #define getmntinfo innocuous_getmntinfo
| 
| /* System header to define __stub macros and hopefully few prototypes,
|     which can conflict with char getmntinfo (); below.
|     Prefer <limits.h> to <assert.h> if __STDC__ is defined, since
|     <limits.h> exists even on freestanding compilers.  */
| 
| #ifdef __STDC__
| # include <limits.h>
| #else
| # include <assert.h>
| #endif
| 
| #undef getmntinfo
| 
| /* Override any GCC internal prototype to avoid an error.
|    Use char because int might match the return type of a GCC
|    builtin and then its argument prototype would still apply.  */
| #ifdef __cplusplus
| extern "C"
| #endif
| char getmntinfo ();
| /* The GNU C library defines this for functions which it implements
|     to always fail with ENOSYS.  Some functions are actually named
|     something starting with __ and the normal name is an alias.  */
| #if defined __stub_getmntinfo || defined __stub___getmntinfo
| choke me
| #endif
| 
| int
| main ()
| {
| return getmntinfo ();
|   ;
|   return 0;
| }
configure:16535: result: no
configure:16535: checking for gettimeofday
configure:16535: gcc -o conftest -g -O2   conftest.c -lm  >&5
configure:16535: $? = 0
configure:16535: result: yes
configure:16535: checking for memmove
configure:16535: gcc -o conftest -g -O2   conftest.c -lm  >&5
conftest.c:90:6: warning: conflicting types for built-in function 'memmove' [-Wbuiltin-declaration-mismatch]
 char memmove ();
      ^~~~~~~
configure:16535: $? = 0
configure:16535: result: yes
configure:16535: checking for memset
configure:16535: gcc -o conftest -g -O2   conftest.c -lm  >&5
conftest.c:91:6: warning: conflicting types for built-in function 'memset' [-Wbuiltin-declaration-mismatch]
 char memset ();
      ^~~~~~
configure:16535: $? = 0
configure:16535: result: yes
configure:16535: checking for mkdir
configure:16535: gcc -o conftest -g -O2   conftest.c -lm  >&5
configure:16535: $? = 0
configure:16535: result: yes
configure:16535: checking for realpath
configure:16535: gcc -o conftest -g -O2   conftest.c -lm  >&5
configure:16535: $? = 0
configure:16535: result: yes
configure:16535: checking for regcomp
configure:16535: gcc -o conftest -g -O2   conftest.c -lm  >&5
configure:16535: $? = 0
configure:16535: result: yes
configure:16535: checking for rmdir
configure:16535: gcc -o conftest -g -O2   conftest.c -lm  >&5
configure:16535: $? = 0
configure:16535: result: yes
configure:16535: checking for setenv
configure:16535: gcc -o conftest -g -O2   conftest.c -lm  >&5
configure:16535: $? = 0
configure:16535: result: yes
configure:16535: checking for setlocale
configure:16535: gcc -o conftest -g -O2   conftest.c -lm  >&5
configure:16535: $? = 0
configure:16535: result: yes
configure:16535: checking for strcasecmp
configure:16535: gcc -o conftest -g -O2   conftest.c -lm  >&5
conftest.c:98:6: warning: conflicting types for built-in function 'strcasecmp' [-Wbuiltin-declaration-mismatch]
 char strcasecmp ();
      ^~~~~~~~~~
configure:16535: $? = 0
configure:16535: result: yes
configure:16535: checking for strchr
configure:16535: gcc -o conftest -g -O2   conftest.c -lm  >&5
conftest.c:99:6: warning: conflicting types for built-in function 'strchr' [-Wbuiltin-declaration-mismatch]
 char strchr ();
      ^~~~~~
configure:16535: $? = 0
configure:16535: result: yes
configure:16535: checking for strcspn
configure:16535: gcc -o conftest -g -O2   conftest.c -lm  >&5
conftest.c:100:6: warning: conflicting types for built-in function 'strcspn' [-Wbuiltin-declaration-mismatch]
 char strcspn ();
      ^~~~~~~
configure:16535: $? = 0
configure:16535: result: yes
configure:16535: checking for strdup
configure:16535: gcc -o conftest -g -O2   conftest.c -lm  >&5
conftest.c:101:6: warning: conflicting types for built-in function 'strdup' [-Wbuiltin-declaration-mismatch]
 char strdup ();
      ^~~~~~
configure:16535: $? = 0
configure:16535: result: yes
configure:16535: checking for strerror
configure:16535: gcc -o conftest -g -O2   conftest.c -lm  >&5
configure:16535: $? = 0
configure:16535: result: yes
configure:16535: checking for strndup
configure:16535: gcc -o conftest -g -O2   conftest.c -lm  >&5
conftest.c:103:6: warning: conflicting types for built-in function 'strndup' [-Wbuiltin-declaration-mismatch]
 char strndup ();
      ^~~~~~~
configure:16535: $? = 0
configure:16535: result: yes
configure:16535: checking for strnlen
configure:16535: gcc -o conftest -g -O2   conftest.c -lm  >&5
configure:16535: $? = 0
configure:16535: result: yes
configure:16535: checking for strrchr
configure:16535: gcc -o conftest -g -O2   conftest.c -lm  >&5
conftest.c:105:6: warning: conflicting types for built-in function 'strrchr' [-Wbuiltin-declaration-mismatch]
 char strrchr ();
      ^~~~~~~
configure:16535: $? = 0
configure:16535: result: yes
configure:16535: checking for strsep
configure:16535: gcc -o conftest -g -O2   conftest.c -lm  >&5
configure:16535: $? = 0
configure:16535: result: yes
configure:16535: checking for strstr
configure:16535: gcc -o conftest -g -O2   conftest.c -lm  >&5
conftest.c:107:6: warning: conflicting types for built-in function 'strstr' [-Wbuiltin-declaration-mismatch]
 char strstr ();
      ^~~~~~
configure:16535: $? = 0
configure:16535: result: yes
configure:16535: checking for strtol
configure:16535: gcc -o conftest -g -O2   conftest.c -lm  >&5
configure:16535: $? = 0
configure:16535: result: yes
configure:16535: checking for swprintf
configure:16535: gcc -o conftest -g -O2   conftest.c -lm  >&5
configure:16535: $? = 0
configure:16535: result: yes
configure:16535: checking for tcflush
configure:16535: gcc -o conftest -g -O2   conftest.c -lm  >&5
configure:16535: $? = 0
configure:16535: result: yes
configure:16535: checking for wcwidth
configure:16535: gcc -o conftest -g -O2   conftest.c -lm  >&5
configure:16535: $? = 0
configure:16535: result: yes
configure:16535: checking for uname
configure:16535: gcc -o conftest -g -O2   conftest.c -lm  >&5
configure:16535: $? = 0
configure:16535: result: yes
configure:16544: checking for struct stat.st_blksize
configure:16544: gcc -c -g -O2  conftest.c >&5
configure:16544: $? = 0
configure:16544: result: yes
configure:16557: checking filesystem statistics type
configure:16562: checking for getmntinfo
configure:16562: result: no
configure:16589: checking for getmntent
configure:16589: result: yes
configure:16599: result: struct statvfs
configure:16618: checking for struct statvfs.f_flag
configure:16618: gcc -c -g -O2  conftest.c >&5
configure:16618: $? = 0
configure:16618: result: yes
configure:16629: checking for struct statfs.f_flags
configure:16629: gcc -c -g -O2  conftest.c >&5
conftest.c: In function 'main':
conftest.c:99:22: error: storage size of 'ac_aggr' isn't known
 static struct statfs ac_aggr;
                      ^~~~~~~
configure:16629: $? = 1
configure: failed program was:
| /* confdefs.h */
| #define PACKAGE_NAME "meme"
| #define PACKAGE_TARNAME "meme"
| #define PACKAGE_VERSION "5.0.1"
| #define PACKAGE_STRING "meme 5.0.1"
| #define PACKAGE_BUGREPORT "win@kenokeno.bingo"
| #define PACKAGE_URL ""
| #define PACKAGE "meme"
| #define VERSION "5.0.1"
| #define STDC_HEADERS 1
| #define HAVE_SYS_TYPES_H 1
| #define HAVE_SYS_STAT_H 1
| #define HAVE_STDLIB_H 1
| #define HAVE_STRING_H 1
| #define HAVE_MEMORY_H 1
| #define HAVE_STRINGS_H 1
| #define HAVE_INTTYPES_H 1
| #define HAVE_STDINT_H 1
| #define HAVE_UNISTD_H 1
| #define HAVE_DLFCN_H 1
| #define LT_OBJDIR ".libs/"
| #define LIB_VERSION "10.0.1"
| #define ENABLE_NLS 1
| #define HAVE_GETTEXT 1
| #define HAVE_DCGETTEXT 1
| #define HAVE_LIBM 1
| #define HAVE_LIBSSL 1
| #define HAVE_LIBCURL 1
| #define HAVE_FCNTL_H 1
| #define HAVE_FLOAT_H 1
| #define HAVE_GLOB_H 1
| #define HAVE_LANGINFO_H 1
| #define HAVE_LIBINTL_H 1
| #define HAVE_LIMITS_H 1
| #define HAVE_LOCALE_H 1
| #define HAVE_MNTENT_H 1
| #define HAVE_NETINET_IN_H 1
| #define HAVE_NETINET_TCP_H 1
| #define HAVE_STDDEF_H 1
| #define HAVE_STRING_H 1
| #define HAVE_SYS_IOCTL_H 1
| #define HAVE_SYS_MOUNT_H 1
| #define HAVE_SYS_PARAM_H 1
| #define HAVE_SYS_STATVFS_H 1
| #define HAVE_SYS_TIME_H 1
| #define HAVE_SYS_TYPES_H 1
| #define HAVE_SYSLOG_H 1
| #define HAVE_TERMIOS_H 1
| #define HAVE_WCHAR_H 1
| #define HAVE_DIRENT_H 1
| #define HAVE_STRUCT_DIRENT_D_TYPE 1
| #define HAVE_FORK 1
| #define HAVE_VFORK 1
| #define HAVE_WORKING_VFORK 1
| #define HAVE_WORKING_FORK 1
| #define HAVE_GETMNTENT 1
| #define LSTAT_FOLLOWS_SLASHED_SYMLINK 1
| #define TIME_WITH_SYS_TIME 1
| #define HAVE_SYS_TIME_H 1
| #define HAVE_UNISTD_H 1
| #define HAVE_ALARM 1
| #define HAVE_STRCOLL 1
| #define HAVE_DUP2 1
| #define HAVE_GETCWD 1
| #define HAVE_GETTIMEOFDAY 1
| #define HAVE_MEMMOVE 1
| #define HAVE_MEMSET 1
| #define HAVE_MKDIR 1
| #define HAVE_REALPATH 1
| #define HAVE_REGCOMP 1
| #define HAVE_RMDIR 1
| #define HAVE_SETENV 1
| #define HAVE_SETLOCALE 1
| #define HAVE_STRCASECMP 1
| #define HAVE_STRCHR 1
| #define HAVE_STRCSPN 1
| #define HAVE_STRDUP 1
| #define HAVE_STRERROR 1
| #define HAVE_STRNDUP 1
| #define HAVE_STRNLEN 1
| #define HAVE_STRRCHR 1
| #define HAVE_STRSEP 1
| #define HAVE_STRSTR 1
| #define HAVE_STRTOL 1
| #define HAVE_SWPRINTF 1
| #define HAVE_TCFLUSH 1
| #define HAVE_WCWIDTH 1
| #define HAVE_UNAME 1
| #define HAVE_STRUCT_STAT_ST_BLKSIZE 1
| #define FSSTATSTYPE struct statvfs
| #define HAVE_STRUCT_STATVFS_F_FLAG 1
| /* end confdefs.h.  */
| #include <sys/param.h>
|                   #include <sys/mount.h>
| 
| int
| main ()
| {
| static struct statfs ac_aggr;
| if (ac_aggr.f_flags)
| return 0;
|   ;
|   return 0;
| }
configure:16629: gcc -c -g -O2  conftest.c >&5
conftest.c: In function 'main':
conftest.c:99:22: error: storage size of 'ac_aggr' isn't known
 static struct statfs ac_aggr;
                      ^~~~~~~
configure:16629: $? = 1
configure: failed program was:
| /* confdefs.h */
| #define PACKAGE_NAME "meme"
| #define PACKAGE_TARNAME "meme"
| #define PACKAGE_VERSION "5.0.1"
| #define PACKAGE_STRING "meme 5.0.1"
| #define PACKAGE_BUGREPORT "win@kenokeno.bingo"
| #define PACKAGE_URL ""
| #define PACKAGE "meme"
| #define VERSION "5.0.1"
| #define STDC_HEADERS 1
| #define HAVE_SYS_TYPES_H 1
| #define HAVE_SYS_STAT_H 1
| #define HAVE_STDLIB_H 1
| #define HAVE_STRING_H 1
| #define HAVE_MEMORY_H 1
| #define HAVE_STRINGS_H 1
| #define HAVE_INTTYPES_H 1
| #define HAVE_STDINT_H 1
| #define HAVE_UNISTD_H 1
| #define HAVE_DLFCN_H 1
| #define LT_OBJDIR ".libs/"
| #define LIB_VERSION "10.0.1"
| #define ENABLE_NLS 1
| #define HAVE_GETTEXT 1
| #define HAVE_DCGETTEXT 1
| #define HAVE_LIBM 1
| #define HAVE_LIBSSL 1
| #define HAVE_LIBCURL 1
| #define HAVE_FCNTL_H 1
| #define HAVE_FLOAT_H 1
| #define HAVE_GLOB_H 1
| #define HAVE_LANGINFO_H 1
| #define HAVE_LIBINTL_H 1
| #define HAVE_LIMITS_H 1
| #define HAVE_LOCALE_H 1
| #define HAVE_MNTENT_H 1
| #define HAVE_NETINET_IN_H 1
| #define HAVE_NETINET_TCP_H 1
| #define HAVE_STDDEF_H 1
| #define HAVE_STRING_H 1
| #define HAVE_SYS_IOCTL_H 1
| #define HAVE_SYS_MOUNT_H 1
| #define HAVE_SYS_PARAM_H 1
| #define HAVE_SYS_STATVFS_H 1
| #define HAVE_SYS_TIME_H 1
| #define HAVE_SYS_TYPES_H 1
| #define HAVE_SYSLOG_H 1
| #define HAVE_TERMIOS_H 1
| #define HAVE_WCHAR_H 1
| #define HAVE_DIRENT_H 1
| #define HAVE_STRUCT_DIRENT_D_TYPE 1
| #define HAVE_FORK 1
| #define HAVE_VFORK 1
| #define HAVE_WORKING_VFORK 1
| #define HAVE_WORKING_FORK 1
| #define HAVE_GETMNTENT 1
| #define LSTAT_FOLLOWS_SLASHED_SYMLINK 1
| #define TIME_WITH_SYS_TIME 1
| #define HAVE_SYS_TIME_H 1
| #define HAVE_UNISTD_H 1
| #define HAVE_ALARM 1
| #define HAVE_STRCOLL 1
| #define HAVE_DUP2 1
| #define HAVE_GETCWD 1
| #define HAVE_GETTIMEOFDAY 1
| #define HAVE_MEMMOVE 1
| #define HAVE_MEMSET 1
| #define HAVE_MKDIR 1
| #define HAVE_REALPATH 1
| #define HAVE_REGCOMP 1
| #define HAVE_RMDIR 1
| #define HAVE_SETENV 1
| #define HAVE_SETLOCALE 1
| #define HAVE_STRCASECMP 1
| #define HAVE_STRCHR 1
| #define HAVE_STRCSPN 1
| #define HAVE_STRDUP 1
| #define HAVE_STRERROR 1
| #define HAVE_STRNDUP 1
| #define HAVE_STRNLEN 1
| #define HAVE_STRRCHR 1
| #define HAVE_STRSEP 1
| #define HAVE_STRSTR 1
| #define HAVE_STRTOL 1
| #define HAVE_SWPRINTF 1
| #define HAVE_TCFLUSH 1
| #define HAVE_WCWIDTH 1
| #define HAVE_UNAME 1
| #define HAVE_STRUCT_STAT_ST_BLKSIZE 1
| #define FSSTATSTYPE struct statvfs
| #define HAVE_STRUCT_STATVFS_F_FLAG 1
| /* end confdefs.h.  */
| #include <sys/param.h>
|                   #include <sys/mount.h>
| 
| int
| main ()
| {
| static struct statfs ac_aggr;
| if (sizeof ac_aggr.f_flags)
| return 0;
|   ;
|   return 0;
| }
configure:16629: result: no
configure:16646: checking whether gcc accepts -fvisibility=internal
configure:16664: gcc -c -g -O2 -fvisibility=internal  conftest.c >&5
configure:16664: $? = 0
configure:16673: result: yes
configure:16732: checking for du
configure:16750: found /usr/bin/du
configure:16762: result: /usr/bin/du
configure:16778: checking for sed
configure:16796: found /bin/sed
configure:16808: result: /bin/sed
configure:16850: checking for asciidoc
configure:16866: found /usr/bin/asciidoc
configure:16877: result: asciidoc
configure:16888: checking for building documentation
configure:16892: result: yes, enabled by configure
configure:16919: checking for doxygen
configure:16949: result: no
configure:16957: checking for doxygen
configure:16970: result: no, disabled by configure
configure:16984: checking for debug mode request
configure:17114: result: no
configure:17120: checking for excessive compiler warning flags
configure:18530: result: no
configure:18535: checking whether to use git version if available
configure:18606: result: no, disabled by configure
configure:18789: checking that generated files are newer than configure
configure:18795: result: done
configure:18854: creating ./config.status

## ---------------------- ##
## Running config.status. ##
## ---------------------- ##

This file was extended by meme config.status 5.0.1, which was
generated by GNU Autoconf 2.69.  Invocation command line was

  CONFIG_FILES    = 
  CONFIG_HEADERS  = 
  CONFIG_LINKS    = 
  CONFIG_COMMANDS = 
  $ ./config.status 

on bingo

config.status:1260: creating lib/libalpm/Makefile
config.status:1260: creating lib/libalpm/po/Makefile.in
config.status:1368: WARNING:  'lib/libalpm/po/Makefile.in.in' seems to ignore the --datarootdir setting
config.status:1260: creating lib/libalpm/libalpm.pc
config.status:1260: creating src/common/Makefile
config.status:1260: creating src/meme/Makefile
config.status:1260: creating src/meme/po/Makefile.in
config.status:1368: WARNING:  'src/meme/po/Makefile.in.in' seems to ignore the --datarootdir setting
config.status:1260: creating src/util/Makefile
config.status:1260: creating scripts/Makefile
config.status:1260: creating scripts/po/Makefile.in
config.status:1368: WARNING:  'scripts/po/Makefile.in.in' seems to ignore the --datarootdir setting
config.status:1260: creating doc/Makefile
config.status:1260: creating etc/Makefile
config.status:1260: creating test/meme/Makefile
config.status:1260: creating test/meme/tests/Makefile
config.status:1260: creating test/scripts/Makefile
config.status:1260: creating test/util/Makefile
config.status:1260: creating Makefile
config.status:1260: creating config.h
config.status:1489: executing depfiles commands
config.status:1489: executing libtool commands
config.status:1489: executing default-1 commands

## ---------------- ##
## Cache variables. ##
## ---------------- ##

ac_cv_build=x86_64-pc-linux-gnu
ac_cv_c_compiler_gnu=yes
ac_cv_c_inline=inline
ac_cv_c_int64_t=yes
ac_cv_env_CC_set=
ac_cv_env_CC_value=
ac_cv_env_CFLAGS_set=
ac_cv_env_CFLAGS_value=
ac_cv_env_CPPFLAGS_set=
ac_cv_env_CPPFLAGS_value=
ac_cv_env_CPP_set=
ac_cv_env_CPP_value=
ac_cv_env_DUFLAGS_set=
ac_cv_env_DUFLAGS_value=
ac_cv_env_LDFLAGS_set=
ac_cv_env_LDFLAGS_value=
ac_cv_env_LIBARCHIVE_CFLAGS_set=
ac_cv_env_LIBARCHIVE_CFLAGS_value=
ac_cv_env_LIBARCHIVE_LIBS_set=
ac_cv_env_LIBARCHIVE_LIBS_value=
ac_cv_env_LIBCURL_CFLAGS_set=
ac_cv_env_LIBCURL_CFLAGS_value=
ac_cv_env_LIBCURL_LIBS_set=
ac_cv_env_LIBCURL_LIBS_value=
ac_cv_env_LIBSSL_CFLAGS_set=
ac_cv_env_LIBSSL_CFLAGS_value=
ac_cv_env_LIBSSL_LIBS_set=
ac_cv_env_LIBSSL_LIBS_value=
ac_cv_env_LIBS_set=
ac_cv_env_LIBS_value=
ac_cv_env_LT_SYS_LIBRARY_PATH_set=
ac_cv_env_LT_SYS_LIBRARY_PATH_value=
ac_cv_env_NETTLE_CFLAGS_set=
ac_cv_env_NETTLE_CFLAGS_value=
ac_cv_env_NETTLE_LIBS_set=
ac_cv_env_NETTLE_LIBS_value=
ac_cv_env_PKG_CONFIG_LIBDIR_set=
ac_cv_env_PKG_CONFIG_LIBDIR_value=
ac_cv_env_PKG_CONFIG_PATH_set=
ac_cv_env_PKG_CONFIG_PATH_value=
ac_cv_env_PKG_CONFIG_set=
ac_cv_env_PKG_CONFIG_value=
ac_cv_env_SEDINPLACEFLAGS_set=
ac_cv_env_SEDINPLACEFLAGS_value=
ac_cv_env_build_alias_set=
ac_cv_env_build_alias_value=
ac_cv_env_host_alias_set=
ac_cv_env_host_alias_value=
ac_cv_env_target_alias_set=
ac_cv_env_target_alias_value=
ac_cv_func_alarm=yes
ac_cv_func_dup2=yes
ac_cv_func_fork=yes
ac_cv_func_fork_works=yes
ac_cv_func_getcwd=yes
ac_cv_func_getmntent=yes
ac_cv_func_getmntinfo=no
ac_cv_func_gettimeofday=yes
ac_cv_func_lstat_dereferences_slashed_symlink=yes
ac_cv_func_memmove=yes
ac_cv_func_memset=yes
ac_cv_func_mkdir=yes
ac_cv_func_realpath=yes
ac_cv_func_regcomp=yes
ac_cv_func_rmdir=yes
ac_cv_func_setenv=yes
ac_cv_func_setlocale=yes
ac_cv_func_strcasecmp=yes
ac_cv_func_strchr=yes
ac_cv_func_strcoll_works=yes
ac_cv_func_strcspn=yes
ac_cv_func_strdup=yes
ac_cv_func_strerror=yes
ac_cv_func_strndup=yes
ac_cv_func_strnlen=yes
ac_cv_func_strrchr=yes
ac_cv_func_strsep=yes
ac_cv_func_strstr=yes
ac_cv_func_strtol=yes
ac_cv_func_swprintf=yes
ac_cv_func_tcflush=yes
ac_cv_func_uname=yes
ac_cv_func_vfork=yes
ac_cv_func_vfork_works=yes
ac_cv_func_wcwidth=yes
ac_cv_func_working_mktime=yes
ac_cv_header_dirent_dirent_h=yes
ac_cv_header_dlfcn_h=yes
ac_cv_header_fcntl_h=yes
ac_cv_header_float_h=yes
ac_cv_header_glob_h=yes
ac_cv_header_inttypes_h=yes
ac_cv_header_langinfo_h=yes
ac_cv_header_libintl_h=yes
ac_cv_header_limits_h=yes
ac_cv_header_locale_h=yes
ac_cv_header_memory_h=yes
ac_cv_header_mntent_h=yes
ac_cv_header_netinet_in_h=yes
ac_cv_header_netinet_tcp_h=yes
ac_cv_header_stdc=yes
ac_cv_header_stddef_h=yes
ac_cv_header_stdint_h=yes
ac_cv_header_stdlib_h=yes
ac_cv_header_string_h=yes
ac_cv_header_strings_h=yes
ac_cv_header_sys_ioctl_h=yes
ac_cv_header_sys_mnttab_h=no
ac_cv_header_sys_mount_h=yes
ac_cv_header_sys_param_h=yes
ac_cv_header_sys_stat_h=yes
ac_cv_header_sys_statvfs_h=yes
ac_cv_header_sys_time_h=yes
ac_cv_header_sys_types_h=yes
ac_cv_header_sys_ucred_h=no
ac_cv_header_syslog_h=yes
ac_cv_header_termios_h=yes
ac_cv_header_time=yes
ac_cv_header_unistd_h=yes
ac_cv_header_vfork_h=no
ac_cv_header_wchar_h=yes
ac_cv_host=x86_64-pc-linux-gnu
ac_cv_lib_m_fabs=yes
ac_cv_member_struct_dirent_d_type=yes
ac_cv_member_struct_stat_st_blksize=yes
ac_cv_member_struct_statfs_f_flags=no
ac_cv_member_struct_statvfs_f_flag=yes
ac_cv_objext=o
ac_cv_path_BASH_SHELL=/bin/bash
ac_cv_path_DUPATH=/usr/bin/du
ac_cv_path_EGREP='/bin/grep -E'
ac_cv_path_FGREP='/bin/grep -F'
ac_cv_path_GMSGFMT=/usr/bin/msgfmt
ac_cv_path_GPGME_CONFIG=no
ac_cv_path_GREP=/bin/grep
ac_cv_path_MSGFMT=/usr/bin/msgfmt
ac_cv_path_MSGMERGE=/usr/bin/msgmerge
ac_cv_path_PERL=/usr/bin/perl
ac_cv_path_SED=/bin/sed
ac_cv_path_SEDPATH=/bin/sed
ac_cv_path_XGETTEXT=/usr/bin/xgettext
ac_cv_path_ac_pt_PKG_CONFIG=/usr/bin/pkg-config
ac_cv_path_install='/usr/bin/install -c'
ac_cv_path_lt_DD=/bin/dd
ac_cv_path_mkdir=/bin/mkdir
ac_cv_prog_ASCIIDOC=asciidoc
ac_cv_prog_AWK=mawk
ac_cv_prog_CPP='gcc -E'
ac_cv_prog_PYTHON=python2.7
ac_cv_prog_ac_ct_AR=ar
ac_cv_prog_ac_ct_CC=gcc
ac_cv_prog_ac_ct_MANIFEST_TOOL=mt
ac_cv_prog_ac_ct_OBJDUMP=objdump
ac_cv_prog_ac_ct_RANLIB=ranlib
ac_cv_prog_ac_ct_STRIP=strip
ac_cv_prog_cc_c89=
ac_cv_prog_cc_c99=
ac_cv_prog_cc_g=yes
ac_cv_prog_make_make_set=yes
ac_cv_search_getmntent='none required'
ac_cv_search_opendir='none required'
ac_cv_struct_tm=time.h
ac_cv_sys_file_offset_bits=no
ac_cv_sys_largefile_CC=no
ac_cv_type_mode_t=yes
ac_cv_type_off_t=yes
ac_cv_type_pid_t=yes
ac_cv_type_size_t=yes
ac_cv_type_ssize_t=yes
ac_cv_type_uid_t=yes
acl_cv_hardcode_direct=no
acl_cv_hardcode_libdir_flag_spec='${wl}-rpath ${wl}$libdir'
acl_cv_hardcode_libdir_separator=
acl_cv_hardcode_minus_L=no
acl_cv_libext=a
acl_cv_path_LD='/usr/bin/x86_64-linux-gnu-ld -m elf_x86_64'
acl_cv_prog_gnu_ld=yes
acl_cv_rpath=done
acl_cv_shlibext=so
acl_cv_wl=-Wl,
am_cv_CC_dependencies_compiler_type=gcc3
am_cv_make_support_nested_variables=yes
am_cv_prog_cc_c_o=yes
ax_cv_prog_perl_version=yes
fs_stats_cv_type='struct statvfs'
gt_cv_func_gnugettext2_libc=yes
lt_cv_ar_at_file=@
lt_cv_archive_cmds_need_lc=no
lt_cv_deplibs_check_method=pass_all
lt_cv_file_magic_cmd='$MAGIC_CMD'
lt_cv_file_magic_test_file=
lt_cv_ld_reload_flag=-r
lt_cv_nm_interface='BSD nm'
lt_cv_objdir=.libs
lt_cv_path_LD=/usr/bin/x86_64-linux-gnu-ld
lt_cv_path_NM='/usr/bin/nm -B'
lt_cv_path_mainfest_tool=no
lt_cv_prog_compiler_c_o=yes
lt_cv_prog_compiler_pic='-fPIC -DPIC'
lt_cv_prog_compiler_pic_works=yes
lt_cv_prog_compiler_rtti_exceptions=no
lt_cv_prog_compiler_static_works=yes
lt_cv_prog_gnu_ld=yes
lt_cv_sharedlib_from_linklib_cmd='printf %s\n'
lt_cv_shlibpath_overrides_runpath=yes
lt_cv_sys_global_symbol_pipe='sed -n -e '\''s/^.*[	 ]\([ABCDGIRSTW][ABCDGIRSTW]*\)[	 ][	 ]*\([_A-Za-z][_A-Za-z0-9]*\)$/\1 \2 \2/p'\'' | sed '\''/ __gnu_lto/d'\'''
lt_cv_sys_global_symbol_to_c_name_address='sed -n -e '\''s/^: \(.*\) .*$/  {"\1", (void *) 0},/p'\'' -e '\''s/^[ABCDGIRSTW][ABCDGIRSTW]* .* \(.*\)$/  {"\1", (void *) \&\1},/p'\'''
lt_cv_sys_global_symbol_to_c_name_address_lib_prefix='sed -n -e '\''s/^: \(.*\) .*$/  {"\1", (void *) 0},/p'\'' -e '\''s/^[ABCDGIRSTW][ABCDGIRSTW]* .* \(lib.*\)$/  {"\1", (void *) \&\1},/p'\'' -e '\''s/^[ABCDGIRSTW][ABCDGIRSTW]* .* \(.*\)$/  {"lib\1", (void *) \&\1},/p'\'''
lt_cv_sys_global_symbol_to_cdecl='sed -n -e '\''s/^T .* \(.*\)$/extern int \1();/p'\'' -e '\''s/^[ABCDGIRSTW][ABCDGIRSTW]* .* \(.*\)$/extern char \1;/p'\'''
lt_cv_sys_global_symbol_to_import=
lt_cv_sys_max_cmd_len=1572864
lt_cv_to_host_file_cmd=func_convert_file_noop
lt_cv_to_tool_file_cmd=func_convert_file_noop
lt_cv_truncate_bin='/bin/dd bs=4096 count=1'
path_max_cv_defined=yes
pkg_cv_LIBARCHIVE_CFLAGS=
pkg_cv_LIBARCHIVE_LIBS=-larchive
pkg_cv_LIBCURL_CFLAGS=-I/usr/include/x86_64-linux-gnu
pkg_cv_LIBCURL_LIBS=-lcurl
pkg_cv_LIBSSL_CFLAGS=
pkg_cv_LIBSSL_LIBS=-lcrypto
visibility_cv_cc=yes

## ----------------- ##
## Output variables. ##
## ----------------- ##

ACLOCAL='${SHELL} /home/bingo/meme/build-aux/missing aclocal-1.15'
AMDEPBACKSLASH='\'
AMDEP_FALSE='#'
AMDEP_TRUE=''
AMTAR='$${TAR-tar}'
AM_BACKSLASH='\'
AM_DEFAULT_V='$(AM_DEFAULT_VERBOSITY)'
AM_DEFAULT_VERBOSITY='0'
AM_V='$(V)'
AR='ar'
ASCIIDOC='asciidoc'
AUTOCONF='${SHELL} /home/bingo/meme/build-aux/missing autoconf'
AUTOHEADER='${SHELL} /home/bingo/meme/build-aux/missing autoheader'
AUTOMAKE='${SHELL} /home/bingo/meme/build-aux/missing automake-1.15'
AWK='mawk'
BASH_SHELL='/bin/bash'
BUILDSCRIPT='PKGBUILD'
CARCH='x86_64'
CC='gcc'
CCDEPMODE='depmode=gcc3'
CFLAGS='-g -O2'
CHOST='x86_64-pc-linux-gnu'
CPP='gcc -E'
CPPFLAGS=''
CYGPATH_W='echo'
DARWIN_FALSE=''
DARWIN_TRUE='#'
DEBUGSUFFIX='debug'
DEFS='-DHAVE_CONFIG_H'
DEPDIR='.deps'
DLLTOOL='false'
DOXYGEN=''
DSYMUTIL=''
DUFLAGS=' -sk --apparent-size'
DUMPBIN=''
DUPATH='/usr/bin/du'
ECHO_C=''
ECHO_N='-n'
ECHO_T=''
EGREP='/bin/grep -E'
ENABLE_VISIBILITY_CC_FALSE='#'
ENABLE_VISIBILITY_CC_TRUE=''
EXEEXT=''
FGREP='/bin/grep -F'
GIT=''
GMSGFMT='/usr/bin/msgfmt'
GPGME_CFLAGS=''
GPGME_CONFIG='no'
GPGME_LIBS=''
GREP='/bin/grep'
HAVE_LIBCURL_FALSE='#'
HAVE_LIBCURL_TRUE=''
HAVE_LIBGPGME_FALSE=''
HAVE_LIBGPGME_TRUE='#'
HAVE_LIBNETTLE_FALSE=''
HAVE_LIBNETTLE_TRUE='#'
HAVE_LIBSSL_FALSE='#'
HAVE_LIBSSL_TRUE=''
INODECMD='stat -c '\''%i %n'\'''
INSTALL_DATA='${INSTALL} -m 644'
INSTALL_PROGRAM='${INSTALL}'
INSTALL_SCRIPT='${INSTALL}'
INSTALL_STRIP_PROGRAM='$(install_sh) -c -s'
INTLLIBS=''
LD='/usr/bin/x86_64-linux-gnu-ld -m elf_x86_64'
LDCONFIG='/sbin/ldconfig'
LDFLAGS=''
LFS_CFLAGS=''
LIBARCHIVE_CFLAGS=''
LIBARCHIVE_LIBS='-larchive'
LIBCURL_CFLAGS='-I/usr/include/x86_64-linux-gnu'
LIBCURL_LIBS='-lcurl'
LIBICONV='-liconv'
LIBINTL=''
LIBOBJS=''
LIBS='-lm '
LIBSSL_CFLAGS=''
LIBSSL_LIBS='-lcrypto'
LIBTOOL='$(SHELL) $(top_builddir)/libtool'
LIB_VERSION='10.0.1'
LIB_VERSION_INFO='10:1:0'
LIPO=''
LN_S='ln -s'
LTLIBICONV='-liconv'
LTLIBINTL=''
LTLIBOBJS=''
LT_SYS_LIBRARY_PATH=''
MAKEINFO='${SHELL} /home/bingo/meme/build-aux/missing makeinfo'
MANIFEST_TOOL=':'
MKDIR_P='/bin/mkdir -p'
MKINSTALLDIRS='$(top_builddir)/build-aux/mkinstalldirs'
MODECMD='stat -c '\''%a'\'''
MSGFMT='/usr/bin/msgfmt'
MSGMERGE='/usr/bin/msgmerge'
NETTLE_CFLAGS=''
NETTLE_LIBS=''
NM='/usr/bin/nm -B'
NMEDIT=''
OBJDUMP='objdump'
OBJEXT='o'
OTOOL64=''
OTOOL=''
OWNERCMD='stat -c '\''%u:%g'\'''
PACKAGE='meme'
PACKAGE_BUGREPORT='win@kenokeno.bingo'
PACKAGE_NAME='meme'
PACKAGE_STRING='meme 5.0.1'
PACKAGE_TARNAME='meme'
PACKAGE_URL=''
PACKAGE_VERSION='5.0.1'
PATH_SEPARATOR=':'
PERL='/usr/bin/perl'
PKGEXT='.pkg.tar.gz'
PKG_CONFIG='/usr/bin/pkg-config'
PKG_CONFIG_LIBDIR=''
PKG_CONFIG_PATH=''
POSUB='po'
PYTHON='python2.7'
RANLIB='ranlib'
ROOTDIR='/'
SCRIPTLET_SHELL='/bin/sh'
SED='/bin/sed'
SEDINPLACEFLAGS=' --follow-symlinks -i'
SEDPATH='/bin/sed'
SET_MAKE=''
SHELL='/bin/bash'
SRCEXT='.src.tar.gz'
STRIP='strip'
STRIP_BINARIES='--strip-all'
STRIP_SHARED='--strip-unneeded'
STRIP_STATIC='--strip-debug'
TEMPLATE_DIR='/usr/share/makepkg-template'
USE_DOXYGEN_FALSE=''
USE_DOXYGEN_TRUE='#'
USE_GIT_VERSION_FALSE=''
USE_GIT_VERSION_TRUE='#'
USE_NLS='yes'
VERSION='5.0.1'
WANT_DOC_FALSE='#'
WANT_DOC_TRUE=''
WARNING_CFLAGS='-Wall'
XGETTEXT='/usr/bin/xgettext'
ac_ct_AR='ar'
ac_ct_CC='gcc'
ac_ct_DUMPBIN=''
am__EXEEXT_FALSE=''
am__EXEEXT_TRUE='#'
am__fastdepCC_FALSE='#'
am__fastdepCC_TRUE=''
am__include='include'
am__isrc=''
am__leading_dot='.'
am__nodep='_no'
am__quote=''
am__tar='$${TAR-tar} chof - "$$tardir"'
am__untar='$${TAR-tar} xf -'
bindir='${exec_prefix}/bin'
build='x86_64-pc-linux-gnu'
build_alias=''
build_cpu='x86_64'
build_os='linux-gnu'
build_vendor='pc'
datadir='${datarootdir}'
datarootdir='${prefix}/share'
docdir='${datarootdir}/doc/${PACKAGE_TARNAME}'
dvidir='${docdir}'
exec_prefix='${prefix}'
host='x86_64-pc-linux-gnu'
host_alias=''
host_cpu='x86_64'
host_os='linux-gnu'
host_vendor='pc'
htmldir='${docdir}'
includedir='${prefix}/include'
infodir='${datarootdir}/info'
install_sh='${SHELL} /home/bingo/meme/build-aux/install-sh'
libdir='${exec_prefix}/lib'
libexecdir='${exec_prefix}/libexec'
localedir='${datarootdir}/locale'
localstatedir='${prefix}/var'
mandir='${datarootdir}/man'
mkdir_p='$(MKDIR_P)'
oldincludedir='/usr/include'
pdfdir='${docdir}'
prefix='/usr/local'
program_transform_name='s,x,x,'
psdir='${docdir}'
runstatedir='${localstatedir}/run'
sbindir='${exec_prefix}/sbin'
sharedstatedir='${prefix}/com'
sysconfdir='${prefix}/etc'
target_alias=''

## ----------- ##
## confdefs.h. ##
## ----------- ##

/* confdefs.h */
#define PACKAGE_NAME "meme"
#define PACKAGE_TARNAME "meme"
#define PACKAGE_VERSION "5.0.1"
#define PACKAGE_STRING "meme 5.0.1"
#define PACKAGE_BUGREPORT "win@kenokeno.bingo"
#define PACKAGE_URL ""
#define PACKAGE "meme"
#define VERSION "5.0.1"
#define STDC_HEADERS 1
#define HAVE_SYS_TYPES_H 1
#define HAVE_SYS_STAT_H 1
#define HAVE_STDLIB_H 1
#define HAVE_STRING_H 1
#define HAVE_MEMORY_H 1
#define HAVE_STRINGS_H 1
#define HAVE_INTTYPES_H 1
#define HAVE_STDINT_H 1
#define HAVE_UNISTD_H 1
#define HAVE_DLFCN_H 1
#define LT_OBJDIR ".libs/"
#define LIB_VERSION "10.0.1"
#define ENABLE_NLS 1
#define HAVE_GETTEXT 1
#define HAVE_DCGETTEXT 1
#define HAVE_LIBM 1
#define HAVE_LIBSSL 1
#define HAVE_LIBCURL 1
#define HAVE_FCNTL_H 1
#define HAVE_FLOAT_H 1
#define HAVE_GLOB_H 1
#define HAVE_LANGINFO_H 1
#define HAVE_LIBINTL_H 1
#define HAVE_LIMITS_H 1
#define HAVE_LOCALE_H 1
#define HAVE_MNTENT_H 1
#define HAVE_NETINET_IN_H 1
#define HAVE_NETINET_TCP_H 1
#define HAVE_STDDEF_H 1
#define HAVE_STRING_H 1
#define HAVE_SYS_IOCTL_H 1
#define HAVE_SYS_MOUNT_H 1
#define HAVE_SYS_PARAM_H 1
#define HAVE_SYS_STATVFS_H 1
#define HAVE_SYS_TIME_H 1
#define HAVE_SYS_TYPES_H 1
#define HAVE_SYSLOG_H 1
#define HAVE_TERMIOS_H 1
#define HAVE_WCHAR_H 1
#define HAVE_DIRENT_H 1
#define HAVE_STRUCT_DIRENT_D_TYPE 1
#define HAVE_FORK 1
#define HAVE_VFORK 1
#define HAVE_WORKING_VFORK 1
#define HAVE_WORKING_FORK 1
#define HAVE_GETMNTENT 1
#define LSTAT_FOLLOWS_SLASHED_SYMLINK 1
#define TIME_WITH_SYS_TIME 1
#define HAVE_SYS_TIME_H 1
#define HAVE_UNISTD_H 1
#define HAVE_ALARM 1
#define HAVE_STRCOLL 1
#define HAVE_DUP2 1
#define HAVE_GETCWD 1
#define HAVE_GETTIMEOFDAY 1
#define HAVE_MEMMOVE 1
#define HAVE_MEMSET 1
#define HAVE_MKDIR 1
#define HAVE_REALPATH 1
#define HAVE_REGCOMP 1
#define HAVE_RMDIR 1
#define HAVE_SETENV 1
#define HAVE_SETLOCALE 1
#define HAVE_STRCASECMP 1
#define HAVE_STRCHR 1
#define HAVE_STRCSPN 1
#define HAVE_STRDUP 1
#define HAVE_STRERROR 1
#define HAVE_STRNDUP 1
#define HAVE_STRNLEN 1
#define HAVE_STRRCHR 1
#define HAVE_STRSEP 1
#define HAVE_STRSTR 1
#define HAVE_STRTOL 1
#define HAVE_SWPRINTF 1
#define HAVE_TCFLUSH 1
#define HAVE_WCWIDTH 1
#define HAVE_UNAME 1
#define HAVE_STRUCT_STAT_ST_BLKSIZE 1
#define FSSTATSTYPE struct statvfs
#define HAVE_STRUCT_STATVFS_F_FLAG 1
#define ENABLE_VISIBILITY_CC 1
#define ROOTDIR "/"
#define PKGEXT ".pkg.tar.gz"
#define SRCEXT ".src.tar.gz"
#define BUILDSCRIPT "PKGBUILD"
#define TEMPLATE_DIR "/usr/share/makepkg-template"
#define DEBUGSUFFIX "debug"
#define SCRIPTLET_SHELL "/bin/sh"
#define LDCONFIG "/sbin/ldconfig"

configure: exit 0

## ---------------------- ##
## Running config.status. ##
## ---------------------- ##

This file was extended by meme config.status 5.0.1, which was
generated by GNU Autoconf 2.69.  Invocation command line was

  CONFIG_FILES    = 
  CONFIG_HEADERS  = 
  CONFIG_LINKS    = 
  CONFIG_COMMANDS = 
  $ ./config.status Makefile

on bingo

config.status:1260: creating Makefile

## ---------------------- ##
## Running config.status. ##
## ---------------------- ##

This file was extended by meme config.status 5.0.1, which was
generated by GNU Autoconf 2.69.  Invocation command line was

  CONFIG_FILES    = 
  CONFIG_HEADERS  = 
  CONFIG_LINKS    = 
  CONFIG_COMMANDS = 
  $ ./config.status config.h

on bingo

config.status:1260: creating config.h
config.status:1441: config.h is unchanged
